Log file open, 05/07/24 00:47:48
LogWindows: Failed to load 'aqProf.dll' (GetLastError=126)
LogWindows: File 'aqProf.dll' does not exist
LogWindows: Failed to load 'VtuneApi.dll' (GetLastError=126)
LogWindows: File 'VtuneApi.dll' does not exist
LogWindows: Failed to load 'VtuneApi32e.dll' (GetLastError=126)
LogWindows: File 'VtuneApi32e.dll' does not exist
LogConsoleResponse: Display: Failed to find resolution value strings in scalability ini. Falling back to default.
LogConsoleResponse: Display: Failed to find resolution value strings in scalability ini. Falling back to default.
LogInit: Display: Running engine for game: CPSC246Final
LogPlatformFile: Not using cached read wrapper
LogTaskGraph: Started task graph with 5 named threads and 47 total threads with 3 sets of task threads.
LogStats: Stats thread started at 0.192646
LogICUInternationalization: ICU TimeZone Detection - Raw Offset: -8:00, Platform Override: ''
LogInit: Display: Loading text-based GConfig....
LogPluginManager: Mounting plugin MeshPainting
LogPluginManager: Mounting plugin XGEController
LogPluginManager: Mounting plugin Paper2D
LogPluginManager: Mounting plugin EnvironmentQueryEditor
LogPluginManager: Mounting plugin LightPropagationVolume
LogPluginManager: Mounting plugin AISupport
LogPluginManager: Mounting plugin GameplayCameras
LogPluginManager: Mounting plugin LiveLink
LogPluginManager: Mounting plugin OodleData
LogPluginManager: Mounting plugin OodleNetwork
LogPluginManager: Mounting plugin AssetManagerEditor
LogPluginManager: Mounting plugin CurveEditorTools
LogPluginManager: Mounting plugin GameplayTagsEditor
LogPluginManager: Mounting plugin CameraShakePreviewer
LogPluginManager: Mounting plugin CryptoKeys
LogPluginManager: Mounting plugin Niagara
LogPluginManager: Mounting plugin MaterialAnalyzer
LogPluginManager: Mounting plugin MacGraphicsSwitching
LogPluginManager: Mounting plugin GeometryMode
LogPluginManager: Mounting plugin AnimationSharing
LogPluginManager: Mounting plugin CLionSourceCodeAccess
LogPluginManager: Mounting plugin MobileLauncherProfileWizard
LogPluginManager: Mounting plugin AlembicImporter
LogPluginManager: Mounting plugin DataValidation
LogPluginManager: Mounting plugin ChaosCloth
LogPluginManager: Mounting plugin PluginBrowser
LogPluginManager: Mounting plugin ChaosClothEditor
LogPluginManager: Mounting plugin ChaosEditor
LogPluginManager: Mounting plugin FacialAnimation
LogPluginManager: Mounting plugin SpeedTreeImporter
LogPluginManager: Mounting plugin BackChannel
LogPluginManager: Mounting plugin ChaosSolverPlugin
LogPluginManager: Mounting plugin CharacterAI
LogPluginManager: Mounting plugin AutomationUtils
LogPluginManager: Mounting plugin ChaosNiagara
LogPluginManager: Mounting plugin CodeLiteSourceCodeAccess
LogPluginManager: Mounting plugin PixWinPlugin
LogPluginManager: Mounting plugin KDevelopSourceCodeAccess
LogPluginManager: Mounting plugin GeometryCache
LogPluginManager: Mounting plugin GeometryCollectionPlugin
LogPluginManager: Mounting plugin PerforceSourceControl
LogPluginManager: Mounting plugin PropertyAccessNode
LogPluginManager: Mounting plugin PlasticSourceControl
LogPluginManager: Mounting plugin PluginUtils
LogPluginManager: Mounting plugin TextureFormatOodle
LogPluginManager: Mounting plugin GeometryProcessing
LogPluginManager: Mounting plugin SubversionSourceControl
LogPluginManager: Mounting plugin DatasmithContent
LogPluginManager: Mounting plugin NullSourceCodeAccess
LogPluginManager: Mounting plugin GitSourceControl
LogPluginManager: Mounting plugin RiderSourceCodeAccess
LogPluginManager: Mounting plugin MotoSynth
LogPluginManager: Mounting plugin OpenImageDenoise
LogPluginManager: Mounting plugin PlatformCrypto
LogPluginManager: Mounting plugin PythonScriptPlugin
LogPluginManager: Mounting plugin ProxyLODPlugin
LogPluginManager: Mounting plugin PlanarCut
LogPluginManager: Mounting plugin SkeletalReduction
LogPluginManager: Mounting plugin VariantManagerContent
LogPluginManager: Mounting plugin UObjectPlugin
LogPluginManager: Mounting plugin VisualStudioSourceCodeAccess
LogPluginManager: Mounting plugin VisualStudioCodeSourceCodeAccess
LogPluginManager: Mounting plugin XCodeSourceCodeAccess
LogPluginManager: Mounting plugin AndroidMedia
LogPluginManager: Mounting plugin AvfMedia
LogPluginManager: Mounting plugin ImgMedia
LogPluginManager: Mounting plugin LuminPlatformFeatures
LogPluginManager: Mounting plugin MediaPlayerEditor
LogPluginManager: Mounting plugin WebMMedia
LogPluginManager: Mounting plugin WmfMedia
LogPluginManager: Mounting plugin MagicLeap
LogPluginManager: Mounting plugin MediaCompositing
LogPluginManager: Mounting plugin MagicLeapMedia
LogPluginManager: Mounting plugin MagicLeapPassableWorld
LogPluginManager: Mounting plugin MagicLeapLightEstimation
LogPluginManager: Mounting plugin MLSDK
LogPluginManager: Mounting plugin OnlineSubsystem
LogPluginManager: Mounting plugin OnlineSubsystemUtils
LogPluginManager: Mounting plugin OnlineSubsystemNull
LogPluginManager: Mounting plugin ActorSequence
LogPluginManager: Mounting plugin TcpMessaging
LogPluginManager: Mounting plugin LevelSequenceEditor
LogPluginManager: Mounting plugin ActorLayerUtilities
LogPluginManager: Mounting plugin TemplateSequence
LogPluginManager: Mounting plugin UdpMessaging
LogPluginManager: Mounting plugin AndroidDeviceProfileSelector
LogPluginManager: Mounting plugin AndroidMoviePlayer
LogPluginManager: Mounting plugin AndroidPermission
LogPluginManager: Mounting plugin AppleImageUtils
LogPluginManager: Mounting plugin AudioCapture
LogPluginManager: Mounting plugin AppleMoviePlayer
LogPluginManager: Mounting plugin MatineeToLevelSequence
LogPluginManager: Mounting plugin ArchVisCharacter
LogPluginManager: Mounting plugin AssetTags
LogPluginManager: Mounting plugin AudioSynesthesia
LogPluginManager: Mounting plugin CableComponent
LogPluginManager: Mounting plugin LauncherChunkInstaller
LogPluginManager: Mounting plugin CustomMeshComponent
LogPluginManager: Mounting plugin ChunkDownloader
LogPluginManager: Mounting plugin ExampleDeviceProfileSelector
LogPluginManager: Mounting plugin EditableMesh
LogPluginManager: Mounting plugin GooglePAD
LogPluginManager: Mounting plugin GoogleCloudMessaging
LogPluginManager: Mounting plugin IOSDeviceProfileSelector
LogPluginManager: Mounting plugin LinuxDeviceProfileSelector
LogPluginManager: Mounting plugin LocationServicesBPLibrary
LogPluginManager: Mounting plugin MobilePatchingUtils
LogPluginManager: Mounting plugin OpenXR
LogPluginManager: Mounting plugin PhysXVehicles
LogPluginManager: Mounting plugin OpenXREyeTracker
LogPluginManager: Mounting plugin OpenXRHandTracking
LogPluginManager: Mounting plugin PostSplashScreen
LogPluginManager: Mounting plugin ScreenshotTools
LogPluginManager: Mounting plugin ProceduralMeshComponent
LogPluginManager: Mounting plugin SignificanceManager
LogPluginManager: Mounting plugin PropertyAccessEditor
LogPluginManager: Mounting plugin RuntimePhysXCooking
LogPluginManager: Mounting plugin SoundFields
LogPluginManager: Mounting plugin Synthesis
LogPluginManager: Mounting plugin WebMMoviePlayer
LogPluginManager: Mounting plugin WindowsMoviePlayer
LogPluginManager: Mounting plugin Takes
LogPluginManager: Mounting plugin ContentBrowserAssetDataSource
LogPluginManager: Mounting plugin ContentBrowserFileDataSource
LogPluginManager: Mounting plugin ContentBrowserClassDataSource
LogPluginManager: Mounting plugin OnlineSubsystemIOS
LogPluginManager: Mounting plugin OnlineSubsystemGooglePlay
LogPluginManager: Mounting plugin OculusVR
LogPluginManager: Mounting plugin SteamVR
PixWinPlugin: PIX capture plugin failed to initialize! Check that the process is launched from PIX.
LogInit: Using libcurl 7.55.1-DEV
LogInit:  - built for x86_64-pc-win32
LogInit:  - supports SSL with OpenSSL/1.1.1
LogInit:  - supports HTTP deflate (compression) using libz 1.2.8
LogInit:  - other features:
LogInit:      CURL_VERSION_SSL
LogInit:      CURL_VERSION_LIBZ
LogInit:      CURL_VERSION_IPV6
LogInit:      CURL_VERSION_ASYNCHDNS
LogInit:      CURL_VERSION_LARGEFILE
LogInit:      CURL_VERSION_IDN
LogInit:  CurlRequestOptions (configurable via config and command line):
LogInit:  - bVerifyPeer = true  - Libcurl will verify peer certificate
LogInit:  - bUseHttpProxy = false  - Libcurl will NOT use HTTP proxy
LogInit:  - bDontReuseConnections = false  - Libcurl will reuse connections
LogInit:  - MaxHostConnections = 16  - Libcurl will limit the number of connections to a host
LogInit:  - LocalHostAddr = Default
LogInit:  - BufferSize = 65536
LogOnline: OSS: Creating online subsystem instance for: NULL
LogInit: WinSock: version 1.1 (2.2), MaxSocks=32767, MaxUdp=65467
LogOnline: OSS: TryLoadSubsystemAndSetDefault: Loaded subsystem for module [NULL]
LogOculusPluginWrapper: OculusPlugin initialized successfully
LogHMD: Failed initializing OVRPlugin 1.59.0
LogInit: Build: ++UE4+Release-4.27-CL-18319896
LogInit: Engine Version: 4.27.2-18319896+++UE4+Release-4.27
LogInit: Compatible Engine Version: 4.27.0-17155196+++UE4+Release-4.27
LogInit: Net CL: 17155196
LogInit: OS: Windows 10 (Release 2009) (), CPU: 13th Gen Intel(R) Core(TM) i5-13400, GPU: NVIDIA GeForce RTX 3060
LogInit: Compiled (64-bit): Nov 30 2021 07:12:08
LogInit: Compiled with Visual C++: 19.24.28315.00
LogInit: Build Configuration: Development
LogInit: Branch Name: ++UE4+Release-4.27
LogInit: Command Line:  -AUTH_LOGIN=unused -AUTH_PASSWORD=d3db6e408f714520a899b7b642a91f3d -AUTH_TYPE=exchangecode -epicapp=UE_4.27 -epicenv=Prod -EpicPortal -epicusername=Jeffreybok716 -epicuserid=ba3d88efa92846ef8e18468566327da8 -epiclocale=en -epicsandboxid=ue
LogInit: Base Directory: D:/Gaem/UE_4.27/Engine/Binaries/Win64/
LogInit: Allocator: TBB
LogInit: Installed Engine Build: 1
LogDevObjectVersion: Number of dev versions registered: 29
LogDevObjectVersion:   Dev-Blueprints (B0D832E4-1F89-4F0D-ACCF-7EB736FD4AA2): 10
LogDevObjectVersion:   Dev-Build (E1C64328-A22C-4D53-A36C-8E866417BD8C): 0
LogDevObjectVersion:   Dev-Core (375EC13C-06E4-48FB-B500-84F0262A717E): 4
LogDevObjectVersion:   Dev-Editor (E4B068ED-F494-42E9-A231-DA0B2E46BB41): 40
LogDevObjectVersion:   Dev-Framework (CFFC743F-43B0-4480-9391-14DF171D2073): 37
LogDevObjectVersion:   Dev-Mobile (B02B49B5-BB20-44E9-A304-32B752E40360): 3
LogDevObjectVersion:   Dev-Networking (A4E4105C-59A1-49B5-A7C5-40C4547EDFEE): 0
LogDevObjectVersion:   Dev-Online (39C831C9-5AE6-47DC-9A44-9C173E1C8E7C): 0
LogDevObjectVersion:   Dev-Physics (78F01B33-EBEA-4F98-B9B4-84EACCB95AA2): 14
LogDevObjectVersion:   Dev-Platform (6631380F-2D4D-43E0-8009-CF276956A95A): 0
LogDevObjectVersion:   Dev-Rendering (12F88B9F-8875-4AFC-A67C-D90C383ABD29): 45
LogDevObjectVersion:   Dev-Sequencer (7B5AE74C-D270-4C10-A958-57980B212A5A): 13
LogDevObjectVersion:   Dev-VR (D7296918-1DD6-4BDD-9DE2-64A83CC13884): 3
LogDevObjectVersion:   Dev-LoadTimes (C2A15278-BFE7-4AFE-6C17-90FF531DF755): 1
LogDevObjectVersion:   Private-Geometry (6EACA3D4-40EC-4CC1-B786-8BED09428FC5): 3
LogDevObjectVersion:   Dev-AnimPhys (29E575DD-E0A3-4627-9D10-D276232CDCEA): 17
LogDevObjectVersion:   Dev-Anim (AF43A65D-7FD3-4947-9873-3E8ED9C1BB05): 15
LogDevObjectVersion:   Dev-ReflectionCapture (6B266CEC-1EC7-4B8F-A30B-E4D90942FC07): 1
LogDevObjectVersion:   Dev-Automation (0DF73D61-A23F-47EA-B727-89E90C41499A): 1
LogDevObjectVersion:   FortniteMain (601D1886-AC64-4F84-AA16-D3DE0DEAC7D6): 47
LogDevObjectVersion:   FortniteRelease (E7086368-6B23-4C58-8439-1B7016265E91): 1
LogDevObjectVersion:   Dev-Enterprise (9DFFBCD6-494F-0158-E221-12823C92A888): 10
LogDevObjectVersion:   Dev-Niagara (F2AED0AC-9AFE-416F-8664-AA7FFA26D6FC): 1
LogDevObjectVersion:   Dev-Destruction (174F1F0B-B4C6-45A5-B13F-2EE8D0FB917D): 10
LogDevObjectVersion:   Dev-Physics-Ext (35F94A83-E258-406C-A318-09F59610247C): 41
LogDevObjectVersion:   Dev-PhysicsMaterial-Chaos (B68FC16E-8B1B-42E2-B453-215C058844FE): 1
LogDevObjectVersion:   Dev-CineCamera (B2E18506-4273-CFC2-A54E-F4BB758BBA07): 1
LogDevObjectVersion:   Dev-VirtualProduction (64F58936-FD1B-42BA-BA96-7289D5D0FA4E): 1
LogDevObjectVersion:   Dev-MediaFramework (6F0ED827-A609-4895-9C91-998D90180EA4): 2
LogInit: Presizing for max 25165824 objects, including 0 objects not considered by GC, pre-allocating 0 bytes for permanent pool.
LogConfig: Applying CVar settings from Section [/Script/Engine.StreamingSettings] File [C:/Users/Windows/Documents/GitHub/GAME246Final/CPSC246Final/Saved/Config/Windows/Engine.ini]
LogConfig: Setting CVar [[s.MinBulkDataSizeForAsyncLoading:131072]]
LogConfig: Setting CVar [[s.AsyncLoadingThreadEnabled:0]]
LogConfig: Setting CVar [[s.EventDrivenLoaderEnabled:1]]
LogConfig: Setting CVar [[s.WarnIfTimeLimitExceeded:0]]
LogConfig: Setting CVar [[s.TimeLimitExceededMultiplier:1.5]]
LogConfig: Setting CVar [[s.TimeLimitExceededMinTime:0.005]]
LogConfig: Setting CVar [[s.UseBackgroundLevelStreaming:1]]
LogConfig: Setting CVar [[s.PriorityAsyncLoadingExtraTime:15.0]]
LogConfig: Setting CVar [[s.LevelStreamingActorsUpdateTimeLimit:5.0]]
LogConfig: Setting CVar [[s.PriorityLevelStreamingActorsUpdateExtraTime:5.0]]
LogConfig: Setting CVar [[s.LevelStreamingComponentsRegistrationGranularity:10]]
LogConfig: Setting CVar [[s.UnregisterComponentsTimeLimit:1.0]]
LogConfig: Setting CVar [[s.LevelStreamingComponentsUnregistrationGranularity:5]]
LogConfig: Setting CVar [[s.FlushStreamingOnExit:1]]
LogInit: Object subsystem initialized
LogConfig: Setting CVar [[con.DebugEarlyDefault:1]]
LogConfig: Setting CVar [[r.setres:1280x720]]
[2024.05.07-07.47.49:808][  0]LogConfig: Setting CVar [[r.VSync:0]]
[2024.05.07-07.47.49:809][  0]LogConfig: Setting CVar [[r.RHICmdBypass:0]]
[2024.05.07-07.47.49:809][  0]LogConfig: Applying CVar settings from Section [/Script/Engine.RendererSettings] File [C:/Users/Windows/Documents/GitHub/GAME246Final/CPSC246Final/Saved/Config/Windows/Engine.ini]
[2024.05.07-07.47.49:809][  0]LogConfig: Setting CVar [[r.GPUCrashDebugging:0]]
[2024.05.07-07.47.49:809][  0]LogConfig: Applying CVar settings from Section [/Script/Engine.RendererOverrideSettings] File [C:/Users/Windows/Documents/GitHub/GAME246Final/CPSC246Final/Saved/Config/Windows/Engine.ini]
[2024.05.07-07.47.49:809][  0]LogConfig: Applying CVar settings from Section [/Script/Engine.StreamingSettings] File [C:/Users/Windows/Documents/GitHub/GAME246Final/CPSC246Final/Saved/Config/Windows/Engine.ini]
[2024.05.07-07.47.49:809][  0]LogConfig: Setting CVar [[s.MinBulkDataSizeForAsyncLoading:131072]]
[2024.05.07-07.47.49:809][  0]LogConfig: Setting CVar [[s.AsyncLoadingThreadEnabled:0]]
[2024.05.07-07.47.49:809][  0]LogConfig: Setting CVar [[s.EventDrivenLoaderEnabled:1]]
[2024.05.07-07.47.49:809][  0]LogConfig: Setting CVar [[s.WarnIfTimeLimitExceeded:0]]
[2024.05.07-07.47.49:809][  0]LogConfig: Setting CVar [[s.TimeLimitExceededMultiplier:1.5]]
[2024.05.07-07.47.49:809][  0]LogConfig: Setting CVar [[s.TimeLimitExceededMinTime:0.005]]
[2024.05.07-07.47.49:809][  0]LogConfig: Setting CVar [[s.UseBackgroundLevelStreaming:1]]
[2024.05.07-07.47.49:809][  0]LogConfig: Setting CVar [[s.PriorityAsyncLoadingExtraTime:15.0]]
[2024.05.07-07.47.49:809][  0]LogConfig: Setting CVar [[s.LevelStreamingActorsUpdateTimeLimit:5.0]]
[2024.05.07-07.47.49:809][  0]LogConfig: Setting CVar [[s.PriorityLevelStreamingActorsUpdateExtraTime:5.0]]
[2024.05.07-07.47.49:809][  0]LogConfig: Setting CVar [[s.LevelStreamingComponentsRegistrationGranularity:10]]
[2024.05.07-07.47.49:809][  0]LogConfig: Setting CVar [[s.UnregisterComponentsTimeLimit:1.0]]
[2024.05.07-07.47.49:809][  0]LogConfig: Setting CVar [[s.LevelStreamingComponentsUnregistrationGranularity:5]]
[2024.05.07-07.47.49:809][  0]LogConfig: Setting CVar [[s.FlushStreamingOnExit:1]]
[2024.05.07-07.47.49:809][  0]LogConfig: Applying CVar settings from Section [/Script/Engine.GarbageCollectionSettings] File [C:/Users/Windows/Documents/GitHub/GAME246Final/CPSC246Final/Saved/Config/Windows/Engine.ini]
[2024.05.07-07.47.49:809][  0]LogConfig: Setting CVar [[gc.MaxObjectsNotConsideredByGC:1]]
[2024.05.07-07.47.49:809][  0]LogConfig: Setting CVar [[gc.SizeOfPermanentObjectPool:0]]
[2024.05.07-07.47.49:809][  0]LogConfig: Setting CVar [[gc.FlushStreamingOnGC:0]]
[2024.05.07-07.47.49:809][  0]LogConfig: Setting CVar [[gc.NumRetriesBeforeForcingGC:10]]
[2024.05.07-07.47.49:809][  0]LogConfig: Setting CVar [[gc.AllowParallelGC:1]]
[2024.05.07-07.47.49:809][  0]LogConfig: Setting CVar [[gc.TimeBetweenPurgingPendingKillObjects:61.1]]
[2024.05.07-07.47.49:809][  0]LogConfig: Setting CVar [[gc.MaxObjectsInEditor:25165824]]
[2024.05.07-07.47.49:809][  0]LogConfig: Setting CVar [[gc.IncrementalBeginDestroyEnabled:1]]
[2024.05.07-07.47.49:809][  0]LogConfig: Setting CVar [[gc.CreateGCClusters:1]]
[2024.05.07-07.47.49:809][  0]LogConfig: Setting CVar [[gc.MinGCClusterSize:5]]
[2024.05.07-07.47.49:809][  0]LogConfig: Setting CVar [[gc.ActorClusteringEnabled:0]]
[2024.05.07-07.47.49:809][  0]LogConfig: Setting CVar [[gc.BlueprintClusteringEnabled:0]]
[2024.05.07-07.47.49:809][  0]LogConfig: Setting CVar [[gc.UseDisregardForGCOnDedicatedServers:0]]
[2024.05.07-07.47.49:809][  0]LogConfig: Setting CVar [[gc.MultithreadedDestructionEnabled:1]]
[2024.05.07-07.47.49:809][  0]LogConfig: Applying CVar settings from Section [/Script/Engine.NetworkSettings] File [C:/Users/Windows/Documents/GitHub/GAME246Final/CPSC246Final/Saved/Config/Windows/Engine.ini]
[2024.05.07-07.47.49:809][  0]LogConfig: Applying CVar settings from Section [/Script/UnrealEd.CookerSettings] File [C:/Users/Windows/Documents/GitHub/GAME246Final/CPSC246Final/Saved/Config/Windows/Engine.ini]
[2024.05.07-07.47.49:847][  0]LogConfig: Applying CVar settings from Section [ViewDistanceQuality@3] File [C:/Users/Windows/Documents/GitHub/GAME246Final/CPSC246Final/Saved/Config/Windows/Scalability.ini]
[2024.05.07-07.47.49:847][  0]LogConfig: Setting CVar [[r.SkeletalMeshLODBias:0]]
[2024.05.07-07.47.49:847][  0]LogConfig: Setting CVar [[r.ViewDistanceScale:1.0]]
[2024.05.07-07.47.49:847][  0]LogConfig: Applying CVar settings from Section [AntiAliasingQuality@3] File [C:/Users/Windows/Documents/GitHub/GAME246Final/CPSC246Final/Saved/Config/Windows/Scalability.ini]
[2024.05.07-07.47.49:847][  0]LogConfig: Setting CVar [[r.PostProcessAAQuality:4]]
[2024.05.07-07.47.49:847][  0]LogConfig: Applying CVar settings from Section [ShadowQuality@3] File [C:/Users/Windows/Documents/GitHub/GAME246Final/CPSC246Final/Saved/Config/Windows/Scalability.ini]
[2024.05.07-07.47.49:847][  0]LogConfig: Setting CVar [[r.LightFunctionQuality:1]]
[2024.05.07-07.47.49:847][  0]LogConfig: Setting CVar [[r.ShadowQuality:5]]
[2024.05.07-07.47.49:847][  0]LogConfig: Setting CVar [[r.Shadow.CSM.MaxCascades:10]]
[2024.05.07-07.47.49:847][  0]LogConfig: Setting CVar [[r.Shadow.MaxResolution:2048]]
[2024.05.07-07.47.49:847][  0]LogConfig: Setting CVar [[r.Shadow.MaxCSMResolution:2048]]
[2024.05.07-07.47.49:847][  0]LogConfig: Setting CVar [[r.Shadow.RadiusThreshold:0.01]]
[2024.05.07-07.47.49:847][  0]LogConfig: Setting CVar [[r.Shadow.DistanceScale:1.0]]
[2024.05.07-07.47.49:847][  0]LogConfig: Setting CVar [[r.Shadow.CSM.TransitionScale:1.0]]
[2024.05.07-07.47.49:847][  0]LogConfig: Setting CVar [[r.Shadow.PreShadowResolutionFactor:1.0]]
[2024.05.07-07.47.49:847][  0]LogConfig: Setting CVar [[r.DistanceFieldShadowing:1]]
[2024.05.07-07.47.49:847][  0]LogConfig: Setting CVar [[r.DistanceFieldAO:1]]
[2024.05.07-07.47.49:847][  0]LogConfig: Setting CVar [[r.AOQuality:2]]
[2024.05.07-07.47.49:847][  0]LogConfig: Setting CVar [[r.VolumetricFog:1]]
[2024.05.07-07.47.49:847][  0]LogConfig: Setting CVar [[r.VolumetricFog.GridPixelSize:8]]
[2024.05.07-07.47.49:847][  0]LogConfig: Setting CVar [[r.VolumetricFog.GridSizeZ:128]]
[2024.05.07-07.47.49:847][  0]LogConfig: Setting CVar [[r.VolumetricFog.HistoryMissSupersampleCount:4]]
[2024.05.07-07.47.49:847][  0]LogConfig: Setting CVar [[r.LightMaxDrawDistanceScale:1]]
[2024.05.07-07.47.49:847][  0]LogConfig: Setting CVar [[r.CapsuleShadows:1]]
[2024.05.07-07.47.49:847][  0]LogConfig: Applying CVar settings from Section [PostProcessQuality@3] File [C:/Users/Windows/Documents/GitHub/GAME246Final/CPSC246Final/Saved/Config/Windows/Scalability.ini]
[2024.05.07-07.47.49:847][  0]LogConfig: Setting CVar [[r.MotionBlurQuality:4]]
[2024.05.07-07.47.49:847][  0]LogConfig: Setting CVar [[r.AmbientOcclusionMipLevelFactor:0.4]]
[2024.05.07-07.47.49:847][  0]LogConfig: Setting CVar [[r.AmbientOcclusionMaxQuality:100]]
[2024.05.07-07.47.49:847][  0]LogConfig: Setting CVar [[r.AmbientOcclusionLevels:-1]]
[2024.05.07-07.47.49:847][  0]LogConfig: Setting CVar [[r.AmbientOcclusionRadiusScale:1.0]]
[2024.05.07-07.47.49:847][  0]LogConfig: Setting CVar [[r.DepthOfFieldQuality:2]]
[2024.05.07-07.47.49:847][  0]LogConfig: Setting CVar [[r.RenderTargetPoolMin:400]]
[2024.05.07-07.47.49:847][  0]LogConfig: Setting CVar [[r.LensFlareQuality:2]]
[2024.05.07-07.47.49:847][  0]LogConfig: Setting CVar [[r.SceneColorFringeQuality:1]]
[2024.05.07-07.47.49:847][  0]LogConfig: Setting CVar [[r.EyeAdaptationQuality:2]]
[2024.05.07-07.47.49:847][  0]LogConfig: Setting CVar [[r.BloomQuality:5]]
[2024.05.07-07.47.49:847][  0]LogConfig: Setting CVar [[r.FastBlurThreshold:100]]
[2024.05.07-07.47.49:847][  0]LogConfig: Setting CVar [[r.Upscale.Quality:3]]
[2024.05.07-07.47.49:847][  0]LogConfig: Setting CVar [[r.Tonemapper.GrainQuantization:1]]
[2024.05.07-07.47.49:847][  0]LogConfig: Setting CVar [[r.LightShaftQuality:1]]
[2024.05.07-07.47.49:847][  0]LogConfig: Setting CVar [[r.Filter.SizeScale:1]]
[2024.05.07-07.47.49:847][  0]LogConfig: Setting CVar [[r.Tonemapper.Quality:5]]
[2024.05.07-07.47.49:847][  0]LogConfig: Setting CVar [[r.DOF.Gather.AccumulatorQuality:1        ; higher gathering accumulator quality]]
[2024.05.07-07.47.49:847][  0]LogConfig: Setting CVar [[r.DOF.Gather.PostfilterMethod:1          ; Median3x3 postfilering method]]
[2024.05.07-07.47.49:847][  0]LogConfig: Setting CVar [[r.DOF.Gather.EnableBokehSettings:0       ; no bokeh simulation when gathering]]
[2024.05.07-07.47.49:847][  0]LogConfig: Setting CVar [[r.DOF.Gather.RingCount:4                 ; medium number of samples when gathering]]
[2024.05.07-07.47.49:847][  0]LogConfig: Setting CVar [[r.DOF.Scatter.ForegroundCompositing:1    ; additive foreground scattering]]
[2024.05.07-07.47.49:847][  0]LogConfig: Setting CVar [[r.DOF.Scatter.BackgroundCompositing:2    ; additive background scattering]]
[2024.05.07-07.47.49:847][  0]LogConfig: Setting CVar [[r.DOF.Scatter.EnableBokehSettings:1      ; bokeh simulation when scattering]]
[2024.05.07-07.47.49:847][  0]LogConfig: Setting CVar [[r.DOF.Scatter.MaxSpriteRatio:0.1         ; only a maximum of 10% of scattered bokeh]]
[2024.05.07-07.47.49:847][  0]LogConfig: Setting CVar [[r.DOF.Recombine.Quality:1                ; cheap slight out of focus]]
[2024.05.07-07.47.49:847][  0]LogConfig: Setting CVar [[r.DOF.Recombine.EnableBokehSettings:0    ; no bokeh simulation on slight out of focus]]
[2024.05.07-07.47.49:847][  0]LogConfig: Setting CVar [[r.DOF.TemporalAAQuality:1                ; more stable temporal accumulation]]
[2024.05.07-07.47.49:847][  0]LogConfig: Setting CVar [[r.DOF.Kernel.MaxForegroundRadius:0.025]]
[2024.05.07-07.47.49:847][  0]LogConfig: Setting CVar [[r.DOF.Kernel.MaxBackgroundRadius:0.025]]
[2024.05.07-07.47.49:847][  0]LogConfig: Applying CVar settings from Section [TextureQuality@3] File [C:/Users/Windows/Documents/GitHub/GAME246Final/CPSC246Final/Saved/Config/Windows/Scalability.ini]
[2024.05.07-07.47.49:847][  0]LogConfig: Setting CVar [[r.Streaming.MipBias:0]]
[2024.05.07-07.47.49:847][  0]LogConfig: Setting CVar [[r.Streaming.AmortizeCPUToGPUCopy:0]]
[2024.05.07-07.47.49:847][  0]LogConfig: Setting CVar [[r.Streaming.MaxNumTexturesToStreamPerFrame:0]]
[2024.05.07-07.47.49:847][  0]LogConfig: Setting CVar [[r.Streaming.Boost:1]]
[2024.05.07-07.47.49:847][  0]LogConfig: Setting CVar [[r.MaxAnisotropy:8]]
[2024.05.07-07.47.49:847][  0]LogConfig: Setting CVar [[r.VT.MaxAnisotropy:8]]
[2024.05.07-07.47.49:847][  0]LogConfig: Setting CVar [[r.Streaming.LimitPoolSizeToVRAM:0]]
[2024.05.07-07.47.49:847][  0]LogConfig: Setting CVar [[r.Streaming.PoolSize:1000]]
[2024.05.07-07.47.49:847][  0]LogConfig: Setting CVar [[r.Streaming.MaxEffectiveScreenSize:0]]
[2024.05.07-07.47.49:847][  0]LogConfig: Applying CVar settings from Section [EffectsQuality@3] File [C:/Users/Windows/Documents/GitHub/GAME246Final/CPSC246Final/Saved/Config/Windows/Scalability.ini]
[2024.05.07-07.47.49:847][  0]LogConfig: Setting CVar [[r.TranslucencyLightingVolumeDim:64]]
[2024.05.07-07.47.49:847][  0]LogConfig: Setting CVar [[r.RefractionQuality:2]]
[2024.05.07-07.47.49:847][  0]LogConfig: Setting CVar [[r.SSR.Quality:3]]
[2024.05.07-07.47.49:847][  0]LogConfig: Setting CVar [[r.SSR.HalfResSceneColor:0]]
[2024.05.07-07.47.49:847][  0]LogConfig: Setting CVar [[r.SceneColorFormat:4]]
[2024.05.07-07.47.49:847][  0]LogConfig: Setting CVar [[r.DetailMode:2]]
[2024.05.07-07.47.49:847][  0]LogConfig: Setting CVar [[r.TranslucencyVolumeBlur:1]]
[2024.05.07-07.47.49:847][  0]LogConfig: Setting CVar [[r.MaterialQualityLevel:1 ; High quality]]
[2024.05.07-07.47.49:847][  0]LogConfig: Setting CVar [[r.AnisotropicMaterials:1]]
[2024.05.07-07.47.49:847][  0]LogConfig: Setting CVar [[r.SSS.Scale:1]]
[2024.05.07-07.47.49:847][  0]LogConfig: Setting CVar [[r.SSS.SampleSet:2]]
[2024.05.07-07.47.49:847][  0]LogConfig: Setting CVar [[r.SSS.Quality:1]]
[2024.05.07-07.47.49:847][  0]LogConfig: Setting CVar [[r.SSS.HalfRes:0]]
[2024.05.07-07.47.49:847][  0]LogConfig: Setting CVar [[r.SSGI.Quality:3]]
[2024.05.07-07.47.49:847][  0]LogConfig: Setting CVar [[r.EmitterSpawnRateScale:1.0]]
[2024.05.07-07.47.49:847][  0]LogConfig: Setting CVar [[r.ParticleLightQuality:2]]
[2024.05.07-07.47.49:847][  0]LogConfig: Setting CVar [[r.SkyAtmosphere.AerialPerspectiveLUT.FastApplyOnOpaque:1 ; Always have FastSkyLUT 1 in this case to avoid wrong sky]]
[2024.05.07-07.47.49:847][  0]LogConfig: Setting CVar [[r.SkyAtmosphere.AerialPerspectiveLUT.SampleCountMaxPerSlice:4]]
[2024.05.07-07.47.49:847][  0]LogConfig: Setting CVar [[r.SkyAtmosphere.AerialPerspectiveLUT.DepthResolution:16.0]]
[2024.05.07-07.47.49:847][  0]LogConfig: Setting CVar [[r.SkyAtmosphere.FastSkyLUT:1]]
[2024.05.07-07.47.49:847][  0]LogConfig: Setting CVar [[r.SkyAtmosphere.FastSkyLUT.SampleCountMin:4.0]]
[2024.05.07-07.47.49:847][  0]LogConfig: Setting CVar [[r.SkyAtmosphere.FastSkyLUT.SampleCountMax:128.0]]
[2024.05.07-07.47.49:847][  0]LogConfig: Setting CVar [[r.SkyAtmosphere.SampleCountMin:4.0]]
[2024.05.07-07.47.49:848][  0]LogConfig: Setting CVar [[r.SkyAtmosphere.SampleCountMax:128.0]]
[2024.05.07-07.47.49:848][  0]LogConfig: Setting CVar [[r.SkyAtmosphere.TransmittanceLUT.UseSmallFormat:0]]
[2024.05.07-07.47.49:848][  0]LogConfig: Setting CVar [[r.SkyAtmosphere.TransmittanceLUT.SampleCount:10.0]]
[2024.05.07-07.47.49:848][  0]LogConfig: Setting CVar [[r.SkyAtmosphere.MultiScatteringLUT.SampleCount:15.0]]
[2024.05.07-07.47.49:848][  0]LogConfig: Setting CVar [[r.SkyLight.RealTimeReflectionCapture:1]]
[2024.05.07-07.47.49:848][  0]LogConfig: Applying CVar settings from Section [FoliageQuality@3] File [C:/Users/Windows/Documents/GitHub/GAME246Final/CPSC246Final/Saved/Config/Windows/Scalability.ini]
[2024.05.07-07.47.49:848][  0]LogConfig: Setting CVar [[foliage.DensityScale:1.0]]
[2024.05.07-07.47.49:848][  0]LogConfig: Setting CVar [[grass.DensityScale:1.0]]
[2024.05.07-07.47.49:848][  0]LogConfig: Applying CVar settings from Section [ShadingQuality@3] File [C:/Users/Windows/Documents/GitHub/GAME246Final/CPSC246Final/Saved/Config/Windows/Scalability.ini]
[2024.05.07-07.47.49:848][  0]LogConfig: Setting CVar [[r.HairStrands.SkyLighting.IntegrationType:2]]
[2024.05.07-07.47.49:848][  0]LogConfig: Setting CVar [[r.HairStrands.SkyAO.SampleCount:4]]
[2024.05.07-07.47.49:848][  0]LogConfig: Setting CVar [[r.HairStrands.Visibility.MSAA.SamplePerPixel:4]]
[2024.05.07-07.47.49:848][  0]LogInit: Selected Device Profile: [Windows]
[2024.05.07-07.47.49:848][  0]LogInit: Applying CVar settings loaded from the selected device profile: [Windows]
[2024.05.07-07.47.49:848][  0]LogHAL: Display: Platform has ~ 16 GB [16926732288 / 17179869184 / 16], which maps to Larger [LargestMinGB=32, LargerMinGB=12, DefaultMinGB=8, SmallerMinGB=6, SmallestMinGB=0)
[2024.05.07-07.47.49:848][  0]LogInit: Going up to parent DeviceProfile []
[2024.05.07-07.47.49:848][  0]LogConfig: Applying CVar settings from Section [ViewDistanceQuality@3] File [C:/Users/Windows/Documents/GitHub/GAME246Final/CPSC246Final/Saved/Config/Windows/Scalability.ini]
[2024.05.07-07.47.49:848][  0]LogConfig: Setting CVar [[r.SkeletalMeshLODBias:0]]
[2024.05.07-07.47.49:848][  0]LogConfig: Setting CVar [[r.ViewDistanceScale:1.0]]
[2024.05.07-07.47.49:848][  0]LogConfig: Applying CVar settings from Section [AntiAliasingQuality@3] File [C:/Users/Windows/Documents/GitHub/GAME246Final/CPSC246Final/Saved/Config/Windows/Scalability.ini]
[2024.05.07-07.47.49:848][  0]LogConfig: Setting CVar [[r.PostProcessAAQuality:4]]
[2024.05.07-07.47.49:848][  0]LogConfig: Applying CVar settings from Section [ShadowQuality@3] File [C:/Users/Windows/Documents/GitHub/GAME246Final/CPSC246Final/Saved/Config/Windows/Scalability.ini]
[2024.05.07-07.47.49:848][  0]LogConfig: Setting CVar [[r.LightFunctionQuality:1]]
[2024.05.07-07.47.49:848][  0]LogConfig: Setting CVar [[r.ShadowQuality:5]]
[2024.05.07-07.47.49:848][  0]LogConfig: Setting CVar [[r.Shadow.CSM.MaxCascades:10]]
[2024.05.07-07.47.49:848][  0]LogConfig: Setting CVar [[r.Shadow.MaxResolution:2048]]
[2024.05.07-07.47.49:848][  0]LogConfig: Setting CVar [[r.Shadow.MaxCSMResolution:2048]]
[2024.05.07-07.47.49:848][  0]LogConfig: Setting CVar [[r.Shadow.RadiusThreshold:0.01]]
[2024.05.07-07.47.49:848][  0]LogConfig: Setting CVar [[r.Shadow.DistanceScale:1.0]]
[2024.05.07-07.47.49:848][  0]LogConfig: Setting CVar [[r.Shadow.CSM.TransitionScale:1.0]]
[2024.05.07-07.47.49:848][  0]LogConfig: Setting CVar [[r.Shadow.PreShadowResolutionFactor:1.0]]
[2024.05.07-07.47.49:848][  0]LogConfig: Setting CVar [[r.DistanceFieldShadowing:1]]
[2024.05.07-07.47.49:848][  0]LogConfig: Setting CVar [[r.DistanceFieldAO:1]]
[2024.05.07-07.47.49:848][  0]LogConfig: Setting CVar [[r.AOQuality:2]]
[2024.05.07-07.47.49:848][  0]LogConfig: Setting CVar [[r.VolumetricFog:1]]
[2024.05.07-07.47.49:848][  0]LogConfig: Setting CVar [[r.VolumetricFog.GridPixelSize:8]]
[2024.05.07-07.47.49:848][  0]LogConfig: Setting CVar [[r.VolumetricFog.GridSizeZ:128]]
[2024.05.07-07.47.49:848][  0]LogConfig: Setting CVar [[r.VolumetricFog.HistoryMissSupersampleCount:4]]
[2024.05.07-07.47.49:848][  0]LogConfig: Setting CVar [[r.LightMaxDrawDistanceScale:1]]
[2024.05.07-07.47.49:848][  0]LogConfig: Setting CVar [[r.CapsuleShadows:1]]
[2024.05.07-07.47.49:848][  0]LogConfig: Applying CVar settings from Section [PostProcessQuality@3] File [C:/Users/Windows/Documents/GitHub/GAME246Final/CPSC246Final/Saved/Config/Windows/Scalability.ini]
[2024.05.07-07.47.49:848][  0]LogConfig: Setting CVar [[r.MotionBlurQuality:4]]
[2024.05.07-07.47.49:848][  0]LogConfig: Setting CVar [[r.AmbientOcclusionMipLevelFactor:0.4]]
[2024.05.07-07.47.49:848][  0]LogConfig: Setting CVar [[r.AmbientOcclusionMaxQuality:100]]
[2024.05.07-07.47.49:848][  0]LogConfig: Setting CVar [[r.AmbientOcclusionLevels:-1]]
[2024.05.07-07.47.49:848][  0]LogConfig: Setting CVar [[r.AmbientOcclusionRadiusScale:1.0]]
[2024.05.07-07.47.49:848][  0]LogConfig: Setting CVar [[r.DepthOfFieldQuality:2]]
[2024.05.07-07.47.49:848][  0]LogConfig: Setting CVar [[r.RenderTargetPoolMin:400]]
[2024.05.07-07.47.49:848][  0]LogConfig: Setting CVar [[r.LensFlareQuality:2]]
[2024.05.07-07.47.49:848][  0]LogConfig: Setting CVar [[r.SceneColorFringeQuality:1]]
[2024.05.07-07.47.49:848][  0]LogConfig: Setting CVar [[r.EyeAdaptationQuality:2]]
[2024.05.07-07.47.49:848][  0]LogConfig: Setting CVar [[r.BloomQuality:5]]
[2024.05.07-07.47.49:848][  0]LogConfig: Setting CVar [[r.FastBlurThreshold:100]]
[2024.05.07-07.47.49:848][  0]LogConfig: Setting CVar [[r.Upscale.Quality:3]]
[2024.05.07-07.47.49:848][  0]LogConfig: Setting CVar [[r.Tonemapper.GrainQuantization:1]]
[2024.05.07-07.47.49:848][  0]LogConfig: Setting CVar [[r.LightShaftQuality:1]]
[2024.05.07-07.47.49:848][  0]LogConfig: Setting CVar [[r.Filter.SizeScale:1]]
[2024.05.07-07.47.49:848][  0]LogConfig: Setting CVar [[r.Tonemapper.Quality:5]]
[2024.05.07-07.47.49:848][  0]LogConfig: Setting CVar [[r.DOF.Gather.AccumulatorQuality:1        ; higher gathering accumulator quality]]
[2024.05.07-07.47.49:848][  0]LogConfig: Setting CVar [[r.DOF.Gather.PostfilterMethod:1          ; Median3x3 postfilering method]]
[2024.05.07-07.47.49:848][  0]LogConfig: Setting CVar [[r.DOF.Gather.EnableBokehSettings:0       ; no bokeh simulation when gathering]]
[2024.05.07-07.47.49:848][  0]LogConfig: Setting CVar [[r.DOF.Gather.RingCount:4                 ; medium number of samples when gathering]]
[2024.05.07-07.47.49:848][  0]LogConfig: Setting CVar [[r.DOF.Scatter.ForegroundCompositing:1    ; additive foreground scattering]]
[2024.05.07-07.47.49:848][  0]LogConfig: Setting CVar [[r.DOF.Scatter.BackgroundCompositing:2    ; additive background scattering]]
[2024.05.07-07.47.49:848][  0]LogConfig: Setting CVar [[r.DOF.Scatter.EnableBokehSettings:1      ; bokeh simulation when scattering]]
[2024.05.07-07.47.49:848][  0]LogConfig: Setting CVar [[r.DOF.Scatter.MaxSpriteRatio:0.1         ; only a maximum of 10% of scattered bokeh]]
[2024.05.07-07.47.49:848][  0]LogConfig: Setting CVar [[r.DOF.Recombine.Quality:1                ; cheap slight out of focus]]
[2024.05.07-07.47.49:848][  0]LogConfig: Setting CVar [[r.DOF.Recombine.EnableBokehSettings:0    ; no bokeh simulation on slight out of focus]]
[2024.05.07-07.47.49:848][  0]LogConfig: Setting CVar [[r.DOF.TemporalAAQuality:1                ; more stable temporal accumulation]]
[2024.05.07-07.47.49:848][  0]LogConfig: Setting CVar [[r.DOF.Kernel.MaxForegroundRadius:0.025]]
[2024.05.07-07.47.49:848][  0]LogConfig: Setting CVar [[r.DOF.Kernel.MaxBackgroundRadius:0.025]]
[2024.05.07-07.47.49:848][  0]LogConfig: Applying CVar settings from Section [TextureQuality@3] File [C:/Users/Windows/Documents/GitHub/GAME246Final/CPSC246Final/Saved/Config/Windows/Scalability.ini]
[2024.05.07-07.47.49:848][  0]LogConfig: Setting CVar [[r.Streaming.MipBias:0]]
[2024.05.07-07.47.49:848][  0]LogConfig: Setting CVar [[r.Streaming.AmortizeCPUToGPUCopy:0]]
[2024.05.07-07.47.49:848][  0]LogConfig: Setting CVar [[r.Streaming.MaxNumTexturesToStreamPerFrame:0]]
[2024.05.07-07.47.49:848][  0]LogConfig: Setting CVar [[r.Streaming.Boost:1]]
[2024.05.07-07.47.49:848][  0]LogConfig: Setting CVar [[r.MaxAnisotropy:8]]
[2024.05.07-07.47.49:848][  0]LogConfig: Setting CVar [[r.VT.MaxAnisotropy:8]]
[2024.05.07-07.47.49:848][  0]LogConfig: Setting CVar [[r.Streaming.LimitPoolSizeToVRAM:0]]
[2024.05.07-07.47.49:848][  0]LogConfig: Setting CVar [[r.Streaming.PoolSize:1000]]
[2024.05.07-07.47.49:848][  0]LogConfig: Setting CVar [[r.Streaming.MaxEffectiveScreenSize:0]]
[2024.05.07-07.47.49:848][  0]LogConfig: Applying CVar settings from Section [EffectsQuality@3] File [C:/Users/Windows/Documents/GitHub/GAME246Final/CPSC246Final/Saved/Config/Windows/Scalability.ini]
[2024.05.07-07.47.49:848][  0]LogConfig: Setting CVar [[r.TranslucencyLightingVolumeDim:64]]
[2024.05.07-07.47.49:848][  0]LogConfig: Setting CVar [[r.RefractionQuality:2]]
[2024.05.07-07.47.49:848][  0]LogConfig: Setting CVar [[r.SSR.Quality:3]]
[2024.05.07-07.47.49:848][  0]LogConfig: Setting CVar [[r.SSR.HalfResSceneColor:0]]
[2024.05.07-07.47.49:848][  0]LogConfig: Setting CVar [[r.SceneColorFormat:4]]
[2024.05.07-07.47.49:848][  0]LogConfig: Setting CVar [[r.DetailMode:2]]
[2024.05.07-07.47.49:848][  0]LogConfig: Setting CVar [[r.TranslucencyVolumeBlur:1]]
[2024.05.07-07.47.49:848][  0]LogConfig: Setting CVar [[r.MaterialQualityLevel:1 ; High quality]]
[2024.05.07-07.47.49:848][  0]LogConfig: Setting CVar [[r.AnisotropicMaterials:1]]
[2024.05.07-07.47.49:848][  0]LogConfig: Setting CVar [[r.SSS.Scale:1]]
[2024.05.07-07.47.49:848][  0]LogConfig: Setting CVar [[r.SSS.SampleSet:2]]
[2024.05.07-07.47.49:848][  0]LogConfig: Setting CVar [[r.SSS.Quality:1]]
[2024.05.07-07.47.49:848][  0]LogConfig: Setting CVar [[r.SSS.HalfRes:0]]
[2024.05.07-07.47.49:848][  0]LogConfig: Setting CVar [[r.SSGI.Quality:3]]
[2024.05.07-07.47.49:848][  0]LogConfig: Setting CVar [[r.EmitterSpawnRateScale:1.0]]
[2024.05.07-07.47.49:848][  0]LogConfig: Setting CVar [[r.ParticleLightQuality:2]]
[2024.05.07-07.47.49:848][  0]LogConfig: Setting CVar [[r.SkyAtmosphere.AerialPerspectiveLUT.FastApplyOnOpaque:1 ; Always have FastSkyLUT 1 in this case to avoid wrong sky]]
[2024.05.07-07.47.49:848][  0]LogConfig: Setting CVar [[r.SkyAtmosphere.AerialPerspectiveLUT.SampleCountMaxPerSlice:4]]
[2024.05.07-07.47.49:849][  0]LogConfig: Setting CVar [[r.SkyAtmosphere.AerialPerspectiveLUT.DepthResolution:16.0]]
[2024.05.07-07.47.49:849][  0]LogConfig: Setting CVar [[r.SkyAtmosphere.FastSkyLUT:1]]
[2024.05.07-07.47.49:849][  0]LogConfig: Setting CVar [[r.SkyAtmosphere.FastSkyLUT.SampleCountMin:4.0]]
[2024.05.07-07.47.49:849][  0]LogConfig: Setting CVar [[r.SkyAtmosphere.FastSkyLUT.SampleCountMax:128.0]]
[2024.05.07-07.47.49:849][  0]LogConfig: Setting CVar [[r.SkyAtmosphere.SampleCountMin:4.0]]
[2024.05.07-07.47.49:849][  0]LogConfig: Setting CVar [[r.SkyAtmosphere.SampleCountMax:128.0]]
[2024.05.07-07.47.49:849][  0]LogConfig: Setting CVar [[r.SkyAtmosphere.TransmittanceLUT.UseSmallFormat:0]]
[2024.05.07-07.47.49:849][  0]LogConfig: Setting CVar [[r.SkyAtmosphere.TransmittanceLUT.SampleCount:10.0]]
[2024.05.07-07.47.49:849][  0]LogConfig: Setting CVar [[r.SkyAtmosphere.MultiScatteringLUT.SampleCount:15.0]]
[2024.05.07-07.47.49:849][  0]LogConfig: Setting CVar [[r.SkyLight.RealTimeReflectionCapture:1]]
[2024.05.07-07.47.49:849][  0]LogConfig: Applying CVar settings from Section [FoliageQuality@3] File [C:/Users/Windows/Documents/GitHub/GAME246Final/CPSC246Final/Saved/Config/Windows/Scalability.ini]
[2024.05.07-07.47.49:849][  0]LogConfig: Setting CVar [[foliage.DensityScale:1.0]]
[2024.05.07-07.47.49:849][  0]LogConfig: Setting CVar [[grass.DensityScale:1.0]]
[2024.05.07-07.47.49:849][  0]LogConfig: Applying CVar settings from Section [ShadingQuality@3] File [C:/Users/Windows/Documents/GitHub/GAME246Final/CPSC246Final/Saved/Config/Windows/Scalability.ini]
[2024.05.07-07.47.49:849][  0]LogConfig: Setting CVar [[r.HairStrands.SkyLighting.IntegrationType:2]]
[2024.05.07-07.47.49:849][  0]LogConfig: Setting CVar [[r.HairStrands.SkyAO.SampleCount:4]]
[2024.05.07-07.47.49:849][  0]LogConfig: Setting CVar [[r.HairStrands.Visibility.MSAA.SamplePerPixel:4]]
[2024.05.07-07.47.49:849][  0]LogConfig: Applying CVar settings from Section [Startup] File [../../../Engine/Config/ConsoleVariables.ini]
[2024.05.07-07.47.49:849][  0]LogConfig: Setting CVar [[net.UseAdaptiveNetUpdateFrequency:0]]
[2024.05.07-07.47.49:849][  0]LogConfig: Setting CVar [[p.chaos.AllowCreatePhysxBodies:1]]
[2024.05.07-07.47.49:849][  0]LogConfig: Setting CVar [[fx.SkipVectorVMBackendOptimizations:1]]
[2024.05.07-07.47.49:849][  0]LogConfig: Applying CVar settings from Section [ConsoleVariables] File [C:/Users/Windows/Documents/GitHub/GAME246Final/CPSC246Final/Saved/Config/Windows/Engine.ini]
[2024.05.07-07.47.49:849][  0]LogConfig: Applying CVar settings from Section [ConsoleVariables] File [C:/Users/Windows/Documents/GitHub/GAME246Final/CPSC246Final/Saved/Config/Windows/Editor.ini]
[2024.05.07-07.47.49:849][  0]LogInit: Computer: DESKTOP-SS7FKA9
[2024.05.07-07.47.49:849][  0]LogInit: User: Windows
[2024.05.07-07.47.49:849][  0]LogInit: CPU Page size=4096, Cores=10
[2024.05.07-07.47.49:849][  0]LogInit: High frequency timer resolution =10.000000 MHz
[2024.05.07-07.47.49:849][  0]LogMemory: Memory total: Physical=15.8GB (16GB approx)
[2024.05.07-07.47.49:849][  0]LogMemory: Platform Memory Stats for Windows
[2024.05.07-07.47.49:849][  0]LogMemory: Process Physical Memory: 151.64 MB used, 158.04 MB peak
[2024.05.07-07.47.49:849][  0]LogMemory: Process Virtual Memory: 124.87 MB used, 124.87 MB peak
[2024.05.07-07.47.49:849][  0]LogMemory: Physical Memory: 9655.14 MB used,  6487.45 MB free, 16142.59 MB total
[2024.05.07-07.47.49:849][  0]LogMemory: Virtual Memory: 134203192.00 MB used,  14535.26 MB free, 134217728.00 MB total
[2024.05.07-07.47.49:854][  0]LogWindows: WindowsPlatformFeatures enabled
[2024.05.07-07.47.49:890][  0]LogInit: Physics initialised using underlying interface: PhysX
[2024.05.07-07.47.49:891][  0]LogInit: Using OS detected language (en-US).
[2024.05.07-07.47.49:891][  0]LogInit: Using OS detected locale (en-US).
[2024.05.07-07.47.49:893][  0]LogTextLocalizationManager: No specific localization for 'en-US' exists, so the 'en' localization will be used.
[2024.05.07-07.47.50:050][  0]LogInit: Setting process to per monitor DPI aware
[2024.05.07-07.47.50:065][  0]LogWindowsTextInputMethodSystem: Display: IME system deactivated.
[2024.05.07-07.47.50:082][  0]LogSlate: New Slate User Created.  User Index 0, Is Virtual User: 0
[2024.05.07-07.47.50:082][  0]LogSlate: Slate User Registered.  User Index 0, Is Virtual User: 0
[2024.05.07-07.47.50:213][  0]LogD3D11RHI: Loaded GFSDK_Aftermath_Lib.x64.dll
[2024.05.07-07.47.50:249][  0]LogHMD: Failed to initialize OpenVR with code 126
[2024.05.07-07.47.50:249][  0]LogD3D11RHI: D3D11 min allowed feature level: 11_0
[2024.05.07-07.47.50:249][  0]LogD3D11RHI: D3D11 max allowed feature level: 11_0
[2024.05.07-07.47.50:249][  0]LogD3D11RHI: D3D11 adapters:
[2024.05.07-07.47.50:383][  0]LogD3D11RHI:    0. 'NVIDIA GeForce RTX 3060' (Feature Level 11_0)
[2024.05.07-07.47.50:383][  0]LogD3D11RHI:       12115/0/8071 MB DedicatedVideo/DedicatedSystem/SharedSystem, Outputs:2, VendorId:0x10de
[2024.05.07-07.47.50:385][  0]LogD3D11RHI:    1. 'Microsoft Basic Render Driver' (Feature Level 11_0)
[2024.05.07-07.47.50:385][  0]LogD3D11RHI:       0/0/8071 MB DedicatedVideo/DedicatedSystem/SharedSystem, Outputs:0, VendorId:0x1414
[2024.05.07-07.47.50:385][  0]LogD3D11RHI: Chosen D3D11 Adapter:
[2024.05.07-07.47.50:385][  0]LogD3D11RHI:     Description : NVIDIA GeForce RTX 3060
[2024.05.07-07.47.50:385][  0]LogD3D11RHI:     VendorId    : 10de
[2024.05.07-07.47.50:385][  0]LogD3D11RHI:     DeviceId    : 2504
[2024.05.07-07.47.50:385][  0]LogD3D11RHI:     SubSysId    : 36563842
[2024.05.07-07.47.50:385][  0]LogD3D11RHI:     Revision    : 00a1
[2024.05.07-07.47.50:385][  0]LogD3D11RHI:     DedicatedVideoMemory : 12703498240 bytes
[2024.05.07-07.47.50:385][  0]LogD3D11RHI:     DedicatedSystemMemory : 0 bytes
[2024.05.07-07.47.50:385][  0]LogD3D11RHI:     SharedSystemMemory : 8463366144 bytes
[2024.05.07-07.47.50:385][  0]LogD3D11RHI:     AdapterLuid : 0 49214
[2024.05.07-07.47.50:392][  0]LogD3D11RHI: Creating new Direct3DDevice
[2024.05.07-07.47.50:392][  0]LogD3D11RHI:     GPU DeviceId: 0x2504 (for the marketing name, search the web for "GPU Device Id")
[2024.05.07-07.47.50:392][  0]LogWindows: EnumDisplayDevices:
[2024.05.07-07.47.50:392][  0]LogWindows:    0. 'NVIDIA GeForce RTX 3060' (P:1 D:1)
[2024.05.07-07.47.50:392][  0]LogWindows:    1. 'NVIDIA GeForce RTX 3060' (P:0 D:1)
[2024.05.07-07.47.50:393][  0]LogWindows:    2. 'NVIDIA GeForce RTX 3060' (P:0 D:0)
[2024.05.07-07.47.50:393][  0]LogWindows:    3. 'NVIDIA GeForce RTX 3060' (P:0 D:0)
[2024.05.07-07.47.50:393][  0]LogWindows: DebugString: FoundDriverCount:4 
[2024.05.07-07.47.50:393][  0]LogD3D11RHI:     Adapter Name: NVIDIA GeForce RTX 3060
[2024.05.07-07.47.50:393][  0]LogD3D11RHI:   Driver Version: 551.86 (internal:31.0.15.5186, unified:551.86)
[2024.05.07-07.47.50:393][  0]LogD3D11RHI:      Driver Date: 3-12-2024
[2024.05.07-07.47.50:393][  0]LogRHI: Texture pool is 8480 MB (70% of 12115 MB)
[2024.05.07-07.47.50:393][  0]LogD3D11RHI: Creating D3DDevice using adapter:
[2024.05.07-07.47.50:393][  0]LogD3D11RHI:     Description : NVIDIA GeForce RTX 3060
[2024.05.07-07.47.50:393][  0]LogD3D11RHI:     VendorId    : 10de
[2024.05.07-07.47.50:393][  0]LogD3D11RHI:     DeviceId    : 2504
[2024.05.07-07.47.50:393][  0]LogD3D11RHI:     SubSysId    : 36563842
[2024.05.07-07.47.50:393][  0]LogD3D11RHI:     Revision    : 00a1
[2024.05.07-07.47.50:393][  0]LogD3D11RHI:     DedicatedVideoMemory : 12703498240 bytes
[2024.05.07-07.47.50:393][  0]LogD3D11RHI:     DedicatedSystemMemory : 0 bytes
[2024.05.07-07.47.50:393][  0]LogD3D11RHI:     SharedSystemMemory : 8463366144 bytes
[2024.05.07-07.47.50:393][  0]LogD3D11RHI:     AdapterLuid : 0 49214
[2024.05.07-07.47.50:493][  0]LogD3D11RHI: RHI has support for 64 bit atomics
[2024.05.07-07.47.50:495][  0]LogD3D11RHI: Async texture creation enabled
[2024.05.07-07.47.50:495][  0]LogD3D11RHI: Array index from any shader is supported
[2024.05.07-07.47.50:497][  0]LogD3D11RHI: HDR output is supported on display 0 (NvId: 0x80061086).
[2024.05.07-07.47.50:522][  0]LogD3D11RHI: GPU Timing Frequency: 1000.000000 (Debug: 2 2)
[2024.05.07-07.47.50:538][  0]LogRHI: GeForceNow SDK initialized: 1
[2024.05.07-07.47.50:825][  0]LogTargetPlatformManager: Display: Loaded TargetPlatform 'AllDesktop'
[2024.05.07-07.47.50:845][  0]LogTargetPlatformManager: Display: Loaded TargetPlatform 'Android'
[2024.05.07-07.47.50:845][  0]LogTargetPlatformManager: Display: Loaded TargetPlatform 'Android_ASTC'
[2024.05.07-07.47.50:845][  0]LogTargetPlatformManager: Display: Loaded TargetPlatform 'Android_DXT'
[2024.05.07-07.47.50:845][  0]LogTargetPlatformManager: Display: Loaded TargetPlatform 'Android_ETC2'
[2024.05.07-07.47.50:845][  0]LogTargetPlatformManager: Display: Loaded TargetPlatform 'AndroidClient'
[2024.05.07-07.47.50:845][  0]LogTargetPlatformManager: Display: Loaded TargetPlatform 'Android_ASTCClient'
[2024.05.07-07.47.50:845][  0]LogTargetPlatformManager: Display: Loaded TargetPlatform 'Android_DXTClient'
[2024.05.07-07.47.50:845][  0]LogTargetPlatformManager: Display: Loaded TargetPlatform 'Android_ETC2Client'
[2024.05.07-07.47.50:845][  0]LogTargetPlatformManager: Display: Loaded TargetPlatform 'Android_Multi'
[2024.05.07-07.47.50:845][  0]LogTargetPlatformManager: Display: Loaded TargetPlatform 'Android_MultiClient'
[2024.05.07-07.47.50:860][  0]LogTargetPlatformManager: Display: Loaded TargetPlatform 'IOSClient'
[2024.05.07-07.47.50:860][  0]LogTargetPlatformManager: Display: Loaded TargetPlatform 'IOS'
[2024.05.07-07.47.50:868][  0]LogTargetPlatformManager: Display: Loaded TargetPlatform 'Linux'
[2024.05.07-07.47.50:872][  0]LogTargetPlatformManager: Display: Loaded TargetPlatform 'LinuxNoEditor'
[2024.05.07-07.47.50:877][  0]LogTargetPlatformManager: Display: Loaded TargetPlatform 'LinuxClient'
[2024.05.07-07.47.50:881][  0]LogTargetPlatformManager: Display: Loaded TargetPlatform 'LinuxServer'
[2024.05.07-07.47.50:888][  0]LogTargetPlatformManager: Display: Loaded TargetPlatform 'LinuxAArch64NoEditor'
[2024.05.07-07.47.50:892][  0]LogTargetPlatformManager: Display: Loaded TargetPlatform 'LinuxAArch64Client'
[2024.05.07-07.47.50:896][  0]LogTargetPlatformManager: Display: Loaded TargetPlatform 'LinuxAArch64Server'
[2024.05.07-07.47.50:915][  0]LogTargetPlatformManager: Display: Loaded TargetPlatform 'Lumin'
[2024.05.07-07.47.50:915][  0]LogTargetPlatformManager: Display: Loaded TargetPlatform 'LuminClient'
[2024.05.07-07.47.50:921][  0]LogTargetPlatformManager: Display: Loaded TargetPlatform 'MacNoEditor'
[2024.05.07-07.47.50:925][  0]LogTargetPlatformManager: Display: Loaded TargetPlatform 'Mac'
[2024.05.07-07.47.50:928][  0]LogTargetPlatformManager: Display: Loaded TargetPlatform 'MacClient'
[2024.05.07-07.47.50:932][  0]LogTargetPlatformManager: Display: Loaded TargetPlatform 'MacServer'
[2024.05.07-07.47.50:941][  0]LogTargetPlatformManager: Display: Loaded TargetPlatform 'TVOSClient'
[2024.05.07-07.47.50:941][  0]LogTargetPlatformManager: Display: Loaded TargetPlatform 'TVOS'
[2024.05.07-07.47.50:947][  0]LogTargetPlatformManager: Display: Loaded TargetPlatform 'WindowsNoEditor'
[2024.05.07-07.47.50:951][  0]LogTargetPlatformManager: Display: Loaded TargetPlatform 'Windows'
[2024.05.07-07.47.50:954][  0]LogTargetPlatformManager: Display: Loaded TargetPlatform 'WindowsClient'
[2024.05.07-07.47.50:958][  0]LogTargetPlatformManager: Display: Loaded TargetPlatform 'WindowsServer'
[2024.05.07-07.47.50:958][  0]LogTargetPlatformManager: Display: Building Assets For Windows
[2024.05.07-07.47.50:964][  0]LogAudioDebug: Display: Lib vorbis DLL was dynamically loaded.
[2024.05.07-07.47.50:992][  0]LogTextureFormatOodle: Display: Oodle Texture 2.9.0 init RDO Off
[2024.05.07-07.47.51:020][  0]LogRendererCore: Ray tracing is disabled. Reason: r.RayTracing=0.
[2024.05.07-07.47.51:020][  0]LogShaderCompilers: Guid format shader working directory is -12 characters bigger than the processId version (C:/Users/Windows/Documents/GitHub/GAME246Final/CPSC246Final/Intermediate/Shaders/WorkingDirectory/28176/).
[2024.05.07-07.47.51:020][  0]LogShaderCompilers: Cleaned the shader compiler working directory 'C:/Users/Windows/AppData/Local/Temp/UnrealShaderWorkingDir/9DAB264F4E0B5B695BC171A92A0CA93E/'.
[2024.05.07-07.47.51:020][  0]LogXGEController: Cannot use XGE Controller as Incredibuild is not installed on this machine.
[2024.05.07-07.47.51:020][  0]LogShaderCompilers: Cannot use XGE Shader Compiler as Incredibuild is not installed on this machine.
[2024.05.07-07.47.51:020][  0]LogShaderCompilers: Display: Using Local Shader Compiler.
[2024.05.07-07.47.51:665][  0]LogDerivedDataCache: Display: Max Cache Size: 512 MB
[2024.05.07-07.47.51:725][  0]LogDerivedDataCache: Loaded boot cache 0.06s 94MB C:/Users/Windows/AppData/Local/UnrealEngine/4.27/DerivedDataCache/Boot.ddc.
[2024.05.07-07.47.51:725][  0]LogDerivedDataCache: Display: Loaded Boot cache: C:/Users/Windows/AppData/Local/UnrealEngine/4.27/DerivedDataCache/Boot.ddc
[2024.05.07-07.47.51:726][  0]LogDerivedDataCache: FDerivedDataBackendGraph:  Pak pak cache file C:/Users/Windows/Documents/GitHub/GAME246Final/CPSC246Final/DerivedDataCache/DDC.ddp not found, will not use a pak cache.
[2024.05.07-07.47.51:726][  0]LogDerivedDataCache: Unable to find inner node Pak for hierarchical cache Hierarchy.
[2024.05.07-07.47.51:726][  0]LogDerivedDataCache: FDerivedDataBackendGraph:  CompressedPak pak cache file C:/Users/Windows/Documents/GitHub/GAME246Final/CPSC246Final/DerivedDataCache/Compressed.ddp not found, will not use a pak cache.
[2024.05.07-07.47.51:726][  0]LogDerivedDataCache: Unable to find inner node CompressedPak for hierarchical cache Hierarchy.
[2024.05.07-07.47.51:745][  0]LogDerivedDataCache: Display: Pak cache opened for reading ../../../Engine/DerivedDataCache/Compressed.ddp.
[2024.05.07-07.47.51:745][  0]LogDerivedDataCache: FDerivedDataBackendGraph:  EnterprisePak pak cache file ../../../Enterprise/DerivedDataCache/Compressed.ddp not found, will not use a pak cache.
[2024.05.07-07.47.51:745][  0]LogDerivedDataCache: Unable to find inner node EnterprisePak for hierarchical cache Hierarchy.
[2024.05.07-07.47.51:753][  0]LogDerivedDataCache: Speed tests for C:/Users/Windows/AppData/Local/UnrealEngine/Common/DerivedDataCache took 0.01 seconds
[2024.05.07-07.47.51:753][  0]LogDerivedDataCache: Display: Performance to C:/Users/Windows/AppData/Local/UnrealEngine/Common/DerivedDataCache: Latency=0.03ms. RandomReadSpeed=1273.89MBs, RandomWriteSpeed=139.75MBs. Assigned SpeedClass 'Local'
[2024.05.07-07.47.51:754][  0]LogDerivedDataCache: Using Local data cache path C:/Users/Windows/AppData/Local/UnrealEngine/Common/DerivedDataCache: Writable
[2024.05.07-07.47.51:754][  0]LogDerivedDataCache: Shared data cache path not found in *engine.ini, will not use an Shared cache.
[2024.05.07-07.47.51:754][  0]LogDerivedDataCache: Unable to find inner node Shared for hierarchical cache Hierarchy.
[2024.05.07-07.47.51:791][  0]LogSlate: Using FreeType 2.10.0
[2024.05.07-07.47.51:792][  0]LogSlate: SlateFontServices - WITH_FREETYPE: 1, WITH_HARFBUZZ: 1
[2024.05.07-07.47.51:815][  0]LogAssetRegistry: FAssetRegistry took 0.0022 seconds to start up
[2024.05.07-07.47.51:994][  0]LogInit: Selected Device Profile: [Windows]
[2024.05.07-07.47.51:994][  0]LogInit: Active device profile: [00000161C0608900][00000161BF82E240 49] Windows
[2024.05.07-07.47.51:994][  0]LogInit: Profiles: [00000161C0608900][00000161BF82E240 49] Windows, [00000161C05C3800][00000161BF8363C0 49] WindowsNoEditor, [00000161C060B500][00000161BF83A540 49] WindowsServer, [00000161C05C0E00][00000161BF83E6C0 49] WindowsClient, [00000161C060B800][00000161BF832800 49] IOS, [00000161C05C2800][00000161BF842940 49] iPadAir, [00000161C060A000][00000161BF846A80 49] iPadAir2, [00000161C0564A00][00000161BD1DAD00 49] IPadPro, [00000161C0564B00][00000161BF84AD40 49] iPadAir3, [00000161C05C1700][00000161BD1DEEC0 49] iPadAir4, [00000161C0567400][00000161BD1E3040 49] iPadMini2, [00000161C05C2A00][00000161BD1E71C0 49] iPadMini3, [00000161C0565700][00000161BD1EB340 49] iPadMini4, [00000161C0608F00][00000161BD1EF4C0 49] iPadMini5, [00000161C0580300][00000161BD1F7780 49] iPhone6, [00000161C0580400][00000161BD1F37C0 49] iPodTouch6, [00000161C0567600][00000161BD1FFA80 49] iPhone7, [00000161C0565800][00000161BD1FBAC0 49] iPodTouch7, [00000161C0583F00][00000161BD2020C0 49] iPhone5S, [00000161C05C2300][00000161BD206240 49] iPhone6Plus, [00000161C0564200][00000161BD20A3C0 49] iPhone6S, [00000161C05C2200][00000161BD3CC540 49] iPhone6SPlus, [00000161C0567C00][00000161BD3D06C0 49] iPhone7Plus, [00000161C05C3D00][00000161BF492840 49] iPhoneSE, [00000161C0567500][00000161BD1D6980 49] iPhone8, [00000161C05C1E00][00000161BF4EEAC0 49] iPhone8Plus, [00000161C0566600][00000161BF4FAC00 49] iPhoneX, [00000161C05C2500][00000161BF4FED40 49] iPhoneXS, [00000161C0566000][00000161BF506EC0 49] iPhoneXSMax, [00000161C05C3A00][00000161BF50B040 49] iPhoneXR, [00000161C0567700][00000161BF5171C0 49] iPhone11, [00000161C05C0D00][00000161BF51B340 49] iPhone11Pro, [00000161C0567800][00000161BF51F4C0 49] iPhone11ProMax, [00000161C05C0F00][00000161BF523640 49] iPhoneSE2, [00000161C0566E00][00000161BF52B7C0 49] iPhone12Mini, [00000161C05C2700][00000161BF52F940 49] iPhone12, [00000161C0565100][00000161BF537AC0 49] iPhone12Pro, [00000161C05C3600][00000161BF53E0C0 49] iPhone12ProMax, [00000161C0566300][00000161BF542240 49] iPadPro105, [00000161C05C0C00][00000161B8A203C0 49] iPadPro129, [00000161C0567300][00000161B8A24540 49] iPadPro97, [00000161C05C1F00][00000161B8A306C0 49] iPadPro2_129, [00000161C0565400][00000161B8A64840 49] iPad5, [00000161C05C3400][00000161B8A689C0 49] iPad6, [00000161C0567100][00000161B8A6CB40 49] iPad7, [00000161C05C1A00][00000161BF502C80 49] iPad8, [00000161C0566800][00000161B6082DC0 49] iPadPro11, [00000161C05C1B00][00000161B6086F00 49] iPadPro2_11, [00000161C0565B00][00000161B608F080 49] iPadPro3_129, [00000161C05C3900][00000161B8A79200 49] iPadPro4_129, [00000161C0565500][00000161B8A7D380 49] AppleTV, [00000161C05C2000][00000161B8A81500 49] AppleTV4K, [00000161C0564100][00000161B8A85680 49] TVOS, [00000161C05C2600][00000161B8A89800 49] Mac, [00000161C0566700][00000161B8A8D980 49] MacClient, [00000161C05C2F00][00000161B8A91B00 49] MacNoEditor, [00000161C0567900][00000161B8A94100 49] MacServer, [00000161C05C3500][00000161B8A98280 49] Linux, [00000161C0566200][00000161B5DB2400 49] LinuxAArch64, [00000161C05C0B00][00000161B5DB6580 49] LinuxNoEditor, [00000161C0567B00][00000161B5DBA700 49] LinuxAArch64NoEditor, [00000161C05C0100][00000161B5DBE880 49] LinuxClient, [00000161C0565D00][00000161B5DC2A00 49] LinuxAArch64Client, [00000161C05C1600][00000161B5DC6B80 49] LinuxServer, [00000161C0566100][00000161B5DCAD00 49] LinuxAArch64Server, [00000161C05C1300][00000161B608AE40 49] Android, [00000161C0564500][00000161B5DCEF80 49] Android_Low, [00000161C05C2B00][00000161B5DD30C0 49] Android_Mid, [00000161C060BA00][00000161B5DDB240 49] Android_High, [00000161C0581C00][00000161B5DDF3C0 49] Android_Default, [00000161C060A100][00000161B5DE3540 49] Android_Adreno4xx, [00000161C0582700][00000161B5DE76C0 49] Android_Adreno5xx_Low, [00000161C0608B00][00000161B5DEB840 49] Android_Adreno5xx, [00000161C0582D00][00000161B5DEF9C0 49] Android_Adreno6xx, [00000161C0609200][00000161B5DF3B40 49] Android_Adreno6xx_Vulkan, [00000161C0582800][00000161B5DF6140 49] Android_Mali_T6xx, [00000161C060B200][00000161B5DFA2C0 49] Android_Mali_T7xx, [00000161C0582E00][00000161B5DFE440 49] Android_Mali_T8xx, [00000161C060A500][00000161B5E025C0 49] Android_Mali_G71, [00000161C0583E00][00000161B5E06740 49] Android_Mali_G72, [00000161C060AA00][00000161B5E0A8C0 49] Android_Mali_G72_Vulkan, [00000161C0581B00][00000161B5E0EA40 49] Android_Mali_G76, [00000161C0609D00][00000161B5E12BC0 49] Android_Mali_G76_Vulkan, [00000161C0583000][00000161B5E16D40 49] Android_Mali_G77, [00000161C060AD00][00000161B5E1AEC0 49] Android_Mali_G77_Vulkan, [00000161C0583A00][00000161B5DD7000 49] Android_Mali_G78, [00000161C0608D00][00000161B5E1F140 49] Android_Mali_G78_Vulkan, [00000161C0580500][00000161B5E23280 49] Android_Mali_G710, [00000161C0609300][00000161B5E273C0 49] Android_Mali_G710_Vulkan, [00000161C0583500][00000161B5E2F540 49] Android_Vulkan_SM5, [00000161C060B300][00000161B5E336C0 49] Android_PowerVR_G6xxx, [00000161C0582C00][00000161B5E37840 49] Android_PowerVR_GT7xxx, [00000161C060BC00][00000161B5E3B9C0 49] Android_PowerVR_GE8xxx, [00000161C0581200][00000161B5E3FB40 49] Android_PowerVR_GM9xxx, [00000161C060B000][00000161B5E42140 49] Android_PowerVR_GM9xxx_Vulkan, [00000161C0582900][00000161B5E462C0 49] Android_TegraK1, [00000161C0609100][00000161B5E4A440 49] Android_Unknown_Vulkan, [00000161C05C0600][00000161B5E4E5C0 49] Lumin, [00000161C060A900][00000161B8CF0740 49] Lumin_Desktop, [00000161C05C1200][00000161B8CF48C0 49] HoloLens, 
[2024.05.07-07.47.52:087][  0]LogMeshReduction: Using QuadricMeshReduction for automatic static mesh reduction
[2024.05.07-07.47.52:087][  0]LogMeshReduction: Using SimplygonMeshReduction for automatic skeletal mesh reduction
[2024.05.07-07.47.52:087][  0]LogMeshReduction: Using ProxyLODMeshReduction for automatic mesh merging
[2024.05.07-07.47.52:087][  0]LogMeshReduction: No distributed automatic mesh merging module available
[2024.05.07-07.47.52:087][  0]LogMeshMerging: No distributed automatic mesh merging module available
[2024.05.07-07.47.52:103][  0]LogNetVersion: CPSC246Final 1.0.0, NetCL: 17155196, EngineNetVer: 17, GameNetVer: 0 (Checksum: 2122985492)
[2024.05.07-07.47.52:413][  0]LogTexture: Default maximum texture size for cubemaps generated from long-lat sources has been changed from 512 to unlimited. In order to preserve old behaiour for '/Engine/MapTemplates/Sky/DaylightAmbientCubemap.DaylightAmbientCubemap', its maximum texture size has been explicitly set to 512.
[2024.05.07-07.47.52:463][  0]LogHMD: PokeAHoleMaterial loaded successfully
[2024.05.07-07.47.52:468][  0]LogUObjectArray: 17178 objects as part of root set at end of initial load.
[2024.05.07-07.47.52:468][  0]LogUObjectAllocator: 4302048 out of 0 bytes used by permanent object pool.
[2024.05.07-07.47.52:468][  0]LogUObjectArray: CloseDisregardForGC: 0/0 objects in disregard for GC pool
[2024.05.07-07.47.52:672][  0]LogNiagaraDebuggerClient: Niagara Debugger Client Initialized | Session: D6FB86E74FEE3B56F36D6FB043A3F163 | Instance: 4F4DC2874C1A2008031E3EA3F0A3604E (DESKTOP-SS7FKA9-28176).
[2024.05.07-07.47.52:716][  0]LogPython: Using Python 3.7.7
[2024.05.07-07.47.53:224][  0]LogTcpMessaging: Initializing TcpMessaging bridge
[2024.05.07-07.47.53:228][  0]LogUdpMessaging: Initializing bridge on interface 0.0.0.0:0 to multicast group 230.0.0.1:6666.
[2024.05.07-07.47.53:490][  0]SourceControl: Source control is disabled
[2024.05.07-07.47.53:490][  0]SourceControl: Source control is disabled
[2024.05.07-07.47.53:493][  0]SourceControl: Source control is disabled
[2024.05.07-07.47.53:496][  0]SourceControl: Source control is disabled
[2024.05.07-07.47.53:506][  0]SourceControl: Source control is disabled
[2024.05.07-07.47.53:518][  0]LogOpenImageDenoise: OIDN starting up
[2024.05.07-07.47.53:527][  0]LogUProjectInfo: Found projects:
[2024.05.07-07.47.53:530][  0]LogVSAccessor: Display: Unable to create Visual Studio setup instance: 80040154
[2024.05.07-07.47.53:531][  0]LogVSAccessor: Display: Unable to create Visual Studio setup instance: 80040154
[2024.05.07-07.47.53:531][  0]LogVSAccessor: Display: Unable to create Visual Studio setup instance: 80040154
[2024.05.07-07.47.53:574][  0]LogAndroidPermission: UAndroidPermissionCallbackProxy::GetInstance
[2024.05.07-07.47.53:587][  0]LogAudioCaptureCore: Display: No Audio Capture implementations found. Audio input will be silent.
[2024.05.07-07.47.53:587][  0]LogAudioCaptureCore: Display: No Audio Capture implementations found. Audio input will be silent.
[2024.05.07-07.47.53:708][  0]LogCollectionManager: Loaded 0 collections in 0.000581 seconds
[2024.05.07-07.47.53:728][  0]LogFileCache: Scanning file cache for directory 'C:/Users/Windows/Documents/GitHub/GAME246Final/CPSC246Final/Saved/Collections/' took 0.00s
[2024.05.07-07.47.53:728][  0]LogFileCache: Scanning file cache for directory 'C:/Users/Windows/Documents/GitHub/GAME246Final/CPSC246Final/Content/Developers/Windows/Collections/' took 0.00s
[2024.05.07-07.47.53:728][  0]LogFileCache: Scanning file cache for directory 'C:/Users/Windows/Documents/GitHub/GAME246Final/CPSC246Final/Content/Collections/' took 0.00s
[2024.05.07-07.47.53:728][  0]LogOcInput: OculusInput pre-init called
[2024.05.07-07.47.53:933][  0]LogEngine: Initializing Engine...
[2024.05.07-07.47.53:993][  0]LogHMD: Failed to initialize OpenVR with code 108
[2024.05.07-07.47.54:069][  0]LogHMD: Optional extension XR_VARJO_quad_views is not available
[2024.05.07-07.47.54:069][  0]LogHMD: Warning: Required extension XR_EXT_eye_gaze_interaction is not available
[2024.05.07-07.47.54:069][  0]LogHMD: Could not enable all required OpenXR extensions for OpenXREyeTracker on current system. This plugin will be loaded but ignored, but will be enabled on a target platform that supports the required extension.
[2024.05.07-07.47.54:081][  0]LogHMD: Failed to get an OpenXR system, result is XR_ERROR_FORM_FACTOR_UNAVAILABLE. Please check that your runtime supports VR headsets.
[2024.05.07-07.47.54:081][  0]LogMagicLeap: Warning: VR disabled because ZI is not enabled.  To enable, in the editor, Edit -> Project Settings -> Plugins -> Magic Leap Plugin -> Enable Zero Iteration
[2024.05.07-07.47.54:082][  0]LogStats: UGameplayTagsManager::InitializeManager -  0.000 s
[2024.05.07-07.47.54:199][  0]LogInit: Initializing FReadOnlyCVARCache
[2024.05.07-07.47.54:208][  0]LogAIModule: Creating AISystem for world Untitled
[2024.05.07-07.47.54:209][  0]LogAudio: Display: Initializing Audio Device Manager...
[2024.05.07-07.47.54:212][  0]LogAudio: Display: Loading Default Audio Settings Objects...
[2024.05.07-07.47.54:213][  0]LogAudio: Display: No default SoundConcurrencyObject specified (or failed to load).
[2024.05.07-07.47.54:214][  0]LogAudio: Display: Audio Device Manager Initialized
[2024.05.07-07.47.54:214][  0]LogAudio: Display: Creating Audio Device:                 Id: 1, Scope: Shared, Realtime: True
[2024.05.07-07.47.54:214][  0]LogAudioMixer: Display: Audio Mixer Platform Settings:
[2024.05.07-07.47.54:214][  0]LogAudioMixer: Display: 	Sample Rate:						  48000
[2024.05.07-07.47.54:214][  0]LogAudioMixer: Display: 	Callback Buffer Frame Size Requested: 1024
[2024.05.07-07.47.54:214][  0]LogAudioMixer: Display: 	Callback Buffer Frame Size To Use:	  1024
[2024.05.07-07.47.54:214][  0]LogAudioMixer: Display: 	Number of buffers to queue:			  2
[2024.05.07-07.47.54:214][  0]LogAudioMixer: Display: 	Max Channels (voices):				  32
[2024.05.07-07.47.54:214][  0]LogAudioMixer: Display: 	Number of Async Source Workers:		  0
[2024.05.07-07.47.54:214][  0]LogAudio: Display: AudioDevice MaxSources: 32
[2024.05.07-07.47.54:214][  0]LogAudio: Display: Audio Spatialization Plugin: None (built-in).
[2024.05.07-07.47.54:214][  0]LogAudio: Display: Audio Reverb Plugin: None (built-in).
[2024.05.07-07.47.54:214][  0]LogAudio: Display: Audio Occlusion Plugin: None (built-in).
[2024.05.07-07.47.54:214][  0]LogAudioMixer: Display: Initializing audio mixer.
[2024.05.07-07.47.54:226][  0]LogAudioMixer: Display: 0: FrontLeft
[2024.05.07-07.47.54:226][  0]LogAudioMixer: Display: 1: FrontRight
[2024.05.07-07.47.54:241][  0]LogAudioMixer: Display: Using Audio Device Headphones (High Definition Audio Device)
[2024.05.07-07.47.54:248][  0]LogAudioMixer: Display: Initializing Sound Submixes...
[2024.05.07-07.47.54:250][  0]LogAudioMixer: Display: Creating Master Submix 'MasterSubmixDefault'
[2024.05.07-07.47.54:251][  0]LogAudioMixer: Display: Creating Master Submix 'MasterReverbSubmixDefault'
[2024.05.07-07.47.54:252][  0]LogAudioMixer: Display: Creating Master Submix 'MasterEQSubmixDefault'
[2024.05.07-07.47.54:252][  0]LogAudioMixer: FMixerPlatformXAudio2::StartAudioStream() called
[2024.05.07-07.47.54:252][  0]LogAudioMixer: Display: Output buffers initialized: Frames=1024, Channels=2, Samples=2048
[2024.05.07-07.47.54:253][  0]LogAudioMixer: Display: Starting AudioMixerPlatformInterface::RunInternal()
[2024.05.07-07.47.54:253][  0]LogAudioMixer: Display: FMixerPlatformXAudio2::SubmitBuffer() called for the first time
[2024.05.07-07.47.54:253][  0]LogInit: FAudioDevice initialized.
[2024.05.07-07.47.54:254][  0]LogAudio: Display: Audio Device (ID: 1) registered with world 'Untitled'.
[2024.05.07-07.47.54:254][  0]LogNetVersion: Set ProjectVersion to 1.0.0.0. Version Checksum will be recalculated on next use.
[2024.05.07-07.47.54:331][  0]LogDerivedDataCache: Saved boot cache 0.08s 94MB C:/Users/Windows/AppData/Local/UnrealEngine/4.27/DerivedDataCache/Boot.ddc.
[2024.05.07-07.47.54:334][  0]LogInit: Texture streaming: Enabled
[2024.05.07-07.47.54:345][  0]LogAnalytics: Display: [UEEditor.Rocket.Release] APIServer = https://datarouter.ol.epicgames.com/. AppVersion = 4.27.2-18319896+++UE4+Release-4.27
[2024.05.07-07.47.54:348][  0]LogEngineSessionManager: EngineSessionManager initialized
[2024.05.07-07.47.54:348][  0]LogEditorSessionSummary: Verbose: Initializing EditorSessionSummaryWriter for editor session tracking
[2024.05.07-07.47.54:352][  0]LogEditorSessionSummary: EditorSessionSummaryWriter initialized
[2024.05.07-07.47.54:375][  0]LogInit: Transaction tracking system initialized
[2024.05.07-07.47.54:395][  0]BlueprintLog: New page: Editor Load
[2024.05.07-07.47.54:444][  0]LocalizationService: Localization service is disabled
[2024.05.07-07.47.54:462][  0]TimingProfiler: Initialize
[2024.05.07-07.47.54:462][  0]TimingProfiler: OnSessionChanged
[2024.05.07-07.47.54:463][  0]LoadingProfiler: Initialize
[2024.05.07-07.47.54:463][  0]LoadingProfiler: OnSessionChanged
[2024.05.07-07.47.54:463][  0]NetworkingProfiler: Initialize
[2024.05.07-07.47.54:463][  0]NetworkingProfiler: OnSessionChanged
[2024.05.07-07.47.54:463][  0]MemoryProfiler: Initialize
[2024.05.07-07.47.54:463][  0]MemoryProfiler: OnSessionChanged
[2024.05.07-07.47.54:505][  0]LogVSAccessor: Display: Unable to create Visual Studio setup instance: 80040154
[2024.05.07-07.47.54:506][  0]LogVSAccessor: Display: Unable to create Visual Studio setup instance: 80040154
[2024.05.07-07.47.54:506][  0]LogVSAccessor: Display: Unable to create Visual Studio setup instance: 80040154
[2024.05.07-07.47.54:577][  0]LogCook: Display: CookSettings for Memory: MemoryMaxUsedVirtual 0MiB, MemoryMaxUsedPhysical 16384MiB, MemoryMinFreeVirtual 0MiB, MemoryMinFreePhysical 1024MiB
[2024.05.07-07.47.54:577][  0]LogCook: Display: Mobile HDR setting 1
[2024.05.07-07.47.54:731][  0]LogFileCache: Scanning file cache for directory 'C:/Users/Windows/Documents/GitHub/GAME246Final/CPSC246Final/Content/' took 0.01s
[2024.05.07-07.47.54:888][  0]LogInit: Display: Engine is initialized. Leaving FEngineLoop::Init()
[2024.05.07-07.47.54:891][  0]SourceControl: Source control is disabled
[2024.05.07-07.47.54:891][  0]LogUnrealEdMisc: Loading editor; pre map load, took 6.640
[2024.05.07-07.47.54:891][  0]Cmd: MAP LOAD FILE="C:/Users/Windows/Documents/GitHub/GAME246Final/CPSC246Final/Content/FirstPersonBP/Maps/FirstPersonExampleMap.umap" TEMPLATE=0 SHOWPROGRESS=1 FEATURELEVEL=3
[2024.05.07-07.47.54:892][  0]LightingResults: New page: Lighting Build
[2024.05.07-07.47.54:893][  0]LogWorld: UWorld::CleanupWorld for Untitled, bSessionEnded=true, bCleanupResources=true
[2024.05.07-07.47.54:893][  0]LogSlate: InvalidateAllWidgets triggered.  All widgets were invalidated
[2024.05.07-07.47.54:893][  0]MapCheck: New page: Map Check
[2024.05.07-07.47.54:893][  0]LightingResults: New page: Lighting Build
[2024.05.07-07.47.54:896][  0]LogAudio: Display: Audio Device unregistered from world 'None'.
[2024.05.07-07.47.54:899][  0]LogUObjectHash: Compacting FUObjectHashTables data took   0.60ms
[2024.05.07-07.47.55:336][  0]LogAudio: Display: Audio Device (ID: 1) registered with world 'FirstPersonExampleMap'.
[2024.05.07-07.47.55:337][  0]LogAIModule: Creating AISystem for world FirstPersonExampleMap
[2024.05.07-07.47.55:355][  0]LogEditorServer: Finished looking for orphan Actors (0.000 secs)
[2024.05.07-07.47.55:364][  0]LogUObjectHash: Compacting FUObjectHashTables data took   1.67ms
[2024.05.07-07.47.55:366][  0]Cmd: MAP CHECKDEP NOCLEARLOG
[2024.05.07-07.47.55:367][  0]MapCheck: Map check complete: 0 Error(s), 0 Warning(s), took 0.273ms to complete.
[2024.05.07-07.47.55:367][  0]LogFileHelpers: Loading map 'FirstPersonExampleMap' took 0.476
[2024.05.07-07.47.55:370][  0]LogUnrealEdMisc: Total Editor Startup Time, took 7.118
[2024.05.07-07.47.55:465][  0]LogSlate: Updating window title bar state: overlay mode, drag disabled, window buttons hidden, title bar hidden
[2024.05.07-07.47.55:470][  0]LogSlate: Updating window title bar state: overlay mode, drag disabled, window buttons hidden, title bar hidden
[2024.05.07-07.47.55:475][  0]LogSlate: Updating window title bar state: overlay mode, drag disabled, window buttons hidden, title bar hidden
[2024.05.07-07.47.55:479][  0]LogSlate: Updating window title bar state: overlay mode, drag disabled, window buttons hidden, title bar hidden
[2024.05.07-07.47.55:498][  0]LogNativeClassHierarchy: Verbose: Native class hierarchy populated in 0.0071 seconds. Added 3822 classes and 928 folders.
[2024.05.07-07.47.55:502][  0]LogNativeClassHierarchy: Verbose: Native class hierarchy updated for 'WidgetCarousel' in 0.0002 seconds. Added 0 classes and 0 folders.
[2024.05.07-07.47.55:506][  0]LogPakFile: PakFile PrimaryIndexSize=187
[2024.05.07-07.47.55:506][  0]LogPakFile: PakFile PathHashIndexSize=101
[2024.05.07-07.47.55:506][  0]LogPakFile: PakFile FullDirectoryIndexSize=148
[2024.05.07-07.47.55:506][  0]LogShaderLibrary: Display: ShaderCodeLibraryPakFileMountedCallback: PakFile 'D:/Gaem/UE_4.27/FeaturePacks/FP_FirstPerson.upack' (chunk index -1, root 'root:/') mounted
[2024.05.07-07.47.55:506][  0]LogShaderLibrary: Display: ShaderCodeLibraryPakFileMountedCallback: pending pak file info (ChunkID:-1 Root:root:/ File:D:/Gaem/UE_4.27/FeaturePacks/FP_FirstPerson.upack)
[2024.05.07-07.47.55:506][  0]LogPakFile: OnPakFileMounted2Time == 0.000211
[2024.05.07-07.47.55:508][  0]LogPakFile: PakFile PrimaryIndexSize=189
[2024.05.07-07.47.55:508][  0]LogPakFile: PakFile PathHashIndexSize=101
[2024.05.07-07.47.55:508][  0]LogPakFile: PakFile FullDirectoryIndexSize=152
[2024.05.07-07.47.55:508][  0]LogShaderLibrary: Display: ShaderCodeLibraryPakFileMountedCallback: PakFile 'D:/Gaem/UE_4.27/FeaturePacks/FP_FirstPersonBP.upack' (chunk index -1, root 'root:/') mounted
[2024.05.07-07.47.55:508][  0]LogShaderLibrary: Display: ShaderCodeLibraryPakFileMountedCallback: pending pak file info (ChunkID:-1 Root:root:/ File:D:/Gaem/UE_4.27/FeaturePacks/FP_FirstPersonBP.upack)
[2024.05.07-07.47.55:508][  0]LogPakFile: OnPakFileMounted2Time == 0.000037
[2024.05.07-07.47.55:509][  0]LogPakFile: PakFile PrimaryIndexSize=191
[2024.05.07-07.47.55:510][  0]LogPakFile: PakFile PathHashIndexSize=101
[2024.05.07-07.47.55:510][  0]LogPakFile: PakFile FullDirectoryIndexSize=160
[2024.05.07-07.47.55:510][  0]LogShaderLibrary: Display: ShaderCodeLibraryPakFileMountedCallback: PakFile 'D:/Gaem/UE_4.27/FeaturePacks/MobileStarterContent.upack' (chunk index -1, root 'root:/') mounted
[2024.05.07-07.47.55:510][  0]LogShaderLibrary: Display: ShaderCodeLibraryPakFileMountedCallback: pending pak file info (ChunkID:-1 Root:root:/ File:D:/Gaem/UE_4.27/FeaturePacks/MobileStarterContent.upack)
[2024.05.07-07.47.55:510][  0]LogPakFile: OnPakFileMounted2Time == 0.000056
[2024.05.07-07.47.55:511][  0]LogPakFile: PakFile PrimaryIndexSize=185
[2024.05.07-07.47.55:511][  0]LogPakFile: PakFile PathHashIndexSize=101
[2024.05.07-07.47.55:511][  0]LogPakFile: PakFile FullDirectoryIndexSize=148
[2024.05.07-07.47.55:511][  0]LogShaderLibrary: Display: ShaderCodeLibraryPakFileMountedCallback: PakFile 'D:/Gaem/UE_4.27/FeaturePacks/StarterContent.upack' (chunk index -1, root 'root:/') mounted
[2024.05.07-07.47.55:511][  0]LogShaderLibrary: Display: ShaderCodeLibraryPakFileMountedCallback: pending pak file info (ChunkID:-1 Root:root:/ File:D:/Gaem/UE_4.27/FeaturePacks/StarterContent.upack)
[2024.05.07-07.47.55:511][  0]LogPakFile: OnPakFileMounted2Time == 0.000031
[2024.05.07-07.47.55:512][  0]LogPakFile: PakFile PrimaryIndexSize=190
[2024.05.07-07.47.55:512][  0]LogPakFile: PakFile PathHashIndexSize=101
[2024.05.07-07.47.55:512][  0]LogPakFile: PakFile FullDirectoryIndexSize=154
[2024.05.07-07.47.55:512][  0]LogShaderLibrary: Display: ShaderCodeLibraryPakFileMountedCallback: PakFile 'D:/Gaem/UE_4.27/FeaturePacks/TP_2DSideScroller.upack' (chunk index -1, root 'root:/') mounted
[2024.05.07-07.47.55:512][  0]LogShaderLibrary: Display: ShaderCodeLibraryPakFileMountedCallback: pending pak file info (ChunkID:-1 Root:root:/ File:D:/Gaem/UE_4.27/FeaturePacks/TP_2DSideScroller.upack)
[2024.05.07-07.47.55:512][  0]LogPakFile: OnPakFileMounted2Time == 0.000028
[2024.05.07-07.47.55:514][  0]LogPakFile: PakFile PrimaryIndexSize=192
[2024.05.07-07.47.55:514][  0]LogPakFile: PakFile PathHashIndexSize=101
[2024.05.07-07.47.55:514][  0]LogPakFile: PakFile FullDirectoryIndexSize=158
[2024.05.07-07.47.55:514][  0]LogShaderLibrary: Display: ShaderCodeLibraryPakFileMountedCallback: PakFile 'D:/Gaem/UE_4.27/FeaturePacks/TP_2DSideScrollerBP.upack' (chunk index -1, root 'root:/') mounted
[2024.05.07-07.47.55:514][  0]LogShaderLibrary: Display: ShaderCodeLibraryPakFileMountedCallback: pending pak file info (ChunkID:-1 Root:root:/ File:D:/Gaem/UE_4.27/FeaturePacks/TP_2DSideScrollerBP.upack)
[2024.05.07-07.47.55:514][  0]LogPakFile: OnPakFileMounted2Time == 0.000031
[2024.05.07-07.47.55:515][  0]LogPakFile: PakFile PrimaryIndexSize=182
[2024.05.07-07.47.55:515][  0]LogPakFile: PakFile PathHashIndexSize=101
[2024.05.07-07.47.55:515][  0]LogPakFile: PakFile FullDirectoryIndexSize=138
[2024.05.07-07.47.55:515][  0]LogShaderLibrary: Display: ShaderCodeLibraryPakFileMountedCallback: PakFile 'D:/Gaem/UE_4.27/FeaturePacks/TP_Flying.upack' (chunk index -1, root 'root:/') mounted
[2024.05.07-07.47.55:515][  0]LogShaderLibrary: Display: ShaderCodeLibraryPakFileMountedCallback: pending pak file info (ChunkID:-1 Root:root:/ File:D:/Gaem/UE_4.27/FeaturePacks/TP_Flying.upack)
[2024.05.07-07.47.55:515][  0]LogPakFile: OnPakFileMounted2Time == 0.000037
[2024.05.07-07.47.55:517][  0]LogPakFile: PakFile PrimaryIndexSize=184
[2024.05.07-07.47.55:517][  0]LogPakFile: PakFile PathHashIndexSize=101
[2024.05.07-07.47.55:517][  0]LogPakFile: PakFile FullDirectoryIndexSize=142
[2024.05.07-07.47.55:517][  0]LogShaderLibrary: Display: ShaderCodeLibraryPakFileMountedCallback: PakFile 'D:/Gaem/UE_4.27/FeaturePacks/TP_FlyingBP.upack' (chunk index -1, root 'root:/') mounted
[2024.05.07-07.47.55:517][  0]LogShaderLibrary: Display: ShaderCodeLibraryPakFileMountedCallback: pending pak file info (ChunkID:-1 Root:root:/ File:D:/Gaem/UE_4.27/FeaturePacks/TP_FlyingBP.upack)
[2024.05.07-07.47.55:517][  0]LogPakFile: OnPakFileMounted2Time == 0.000035
[2024.05.07-07.47.55:519][  0]LogPakFile: PakFile PrimaryIndexSize=188
[2024.05.07-07.47.55:519][  0]LogPakFile: PakFile PathHashIndexSize=101
[2024.05.07-07.47.55:519][  0]LogPakFile: PakFile FullDirectoryIndexSize=150
[2024.05.07-07.47.55:519][  0]LogShaderLibrary: Display: ShaderCodeLibraryPakFileMountedCallback: PakFile 'D:/Gaem/UE_4.27/FeaturePacks/TP_HandheldARBP.upack' (chunk index -1, root 'root:/') mounted
[2024.05.07-07.47.55:519][  0]LogShaderLibrary: Display: ShaderCodeLibraryPakFileMountedCallback: pending pak file info (ChunkID:-1 Root:root:/ File:D:/Gaem/UE_4.27/FeaturePacks/TP_HandheldARBP.upack)
[2024.05.07-07.47.55:519][  0]LogPakFile: OnPakFileMounted2Time == 0.000032
[2024.05.07-07.47.55:522][  0]LogPakFile: PakFile PrimaryIndexSize=182
[2024.05.07-07.47.55:522][  0]LogPakFile: PakFile PathHashIndexSize=101
[2024.05.07-07.47.55:522][  0]LogPakFile: PakFile FullDirectoryIndexSize=138
[2024.05.07-07.47.55:522][  0]LogShaderLibrary: Display: ShaderCodeLibraryPakFileMountedCallback: PakFile 'D:/Gaem/UE_4.27/FeaturePacks/TP_Puzzle.upack' (chunk index -1, root 'root:/') mounted
[2024.05.07-07.47.55:522][  0]LogShaderLibrary: Display: ShaderCodeLibraryPakFileMountedCallback: pending pak file info (ChunkID:-1 Root:root:/ File:D:/Gaem/UE_4.27/FeaturePacks/TP_Puzzle.upack)
[2024.05.07-07.47.55:522][  0]LogPakFile: OnPakFileMounted2Time == 0.000030
[2024.05.07-07.47.55:523][  0]LogPakFile: PakFile PrimaryIndexSize=184
[2024.05.07-07.47.55:523][  0]LogPakFile: PakFile PathHashIndexSize=101
[2024.05.07-07.47.55:523][  0]LogPakFile: PakFile FullDirectoryIndexSize=142
[2024.05.07-07.47.55:523][  0]LogShaderLibrary: Display: ShaderCodeLibraryPakFileMountedCallback: PakFile 'D:/Gaem/UE_4.27/FeaturePacks/TP_PuzzleBP.upack' (chunk index -1, root 'root:/') mounted
[2024.05.07-07.47.55:523][  0]LogShaderLibrary: Display: ShaderCodeLibraryPakFileMountedCallback: pending pak file info (ChunkID:-1 Root:root:/ File:D:/Gaem/UE_4.27/FeaturePacks/TP_PuzzleBP.upack)
[2024.05.07-07.47.55:523][  0]LogPakFile: OnPakFileMounted2Time == 0.000031
[2024.05.07-07.47.55:526][  0]LogPakFile: PakFile PrimaryIndexSize=183
[2024.05.07-07.47.55:526][  0]LogPakFile: PakFile PathHashIndexSize=101
[2024.05.07-07.47.55:526][  0]LogPakFile: PakFile FullDirectoryIndexSize=140
[2024.05.07-07.47.55:526][  0]LogShaderLibrary: Display: ShaderCodeLibraryPakFileMountedCallback: PakFile 'D:/Gaem/UE_4.27/FeaturePacks/TP_Rolling.upack' (chunk index -1, root 'root:/') mounted
[2024.05.07-07.47.55:526][  0]LogShaderLibrary: Display: ShaderCodeLibraryPakFileMountedCallback: pending pak file info (ChunkID:-1 Root:root:/ File:D:/Gaem/UE_4.27/FeaturePacks/TP_Rolling.upack)
[2024.05.07-07.47.55:526][  0]LogPakFile: OnPakFileMounted2Time == 0.000038
[2024.05.07-07.47.55:528][  0]LogPakFile: PakFile PrimaryIndexSize=185
[2024.05.07-07.47.55:528][  0]LogPakFile: PakFile PathHashIndexSize=101
[2024.05.07-07.47.55:528][  0]LogPakFile: PakFile FullDirectoryIndexSize=144
[2024.05.07-07.47.55:528][  0]LogShaderLibrary: Display: ShaderCodeLibraryPakFileMountedCallback: PakFile 'D:/Gaem/UE_4.27/FeaturePacks/TP_RollingBP.upack' (chunk index -1, root 'root:/') mounted
[2024.05.07-07.47.55:528][  0]LogShaderLibrary: Display: ShaderCodeLibraryPakFileMountedCallback: pending pak file info (ChunkID:-1 Root:root:/ File:D:/Gaem/UE_4.27/FeaturePacks/TP_RollingBP.upack)
[2024.05.07-07.47.55:528][  0]LogPakFile: OnPakFileMounted2Time == 0.000034
[2024.05.07-07.47.55:529][  0]LogPakFile: PakFile PrimaryIndexSize=188
[2024.05.07-07.47.55:529][  0]LogPakFile: PakFile PathHashIndexSize=101
[2024.05.07-07.47.55:529][  0]LogPakFile: PakFile FullDirectoryIndexSize=150
[2024.05.07-07.47.55:529][  0]LogShaderLibrary: Display: ShaderCodeLibraryPakFileMountedCallback: PakFile 'D:/Gaem/UE_4.27/FeaturePacks/TP_SideScroller.upack' (chunk index -1, root 'root:/') mounted
[2024.05.07-07.47.55:529][  0]LogShaderLibrary: Display: ShaderCodeLibraryPakFileMountedCallback: pending pak file info (ChunkID:-1 Root:root:/ File:D:/Gaem/UE_4.27/FeaturePacks/TP_SideScroller.upack)
[2024.05.07-07.47.55:529][  0]LogPakFile: OnPakFileMounted2Time == 0.000035
[2024.05.07-07.47.55:530][  0]LogPakFile: PakFile PrimaryIndexSize=190
[2024.05.07-07.47.55:530][  0]LogPakFile: PakFile PathHashIndexSize=101
[2024.05.07-07.47.55:530][  0]LogPakFile: PakFile FullDirectoryIndexSize=154
[2024.05.07-07.47.55:531][  0]LogShaderLibrary: Display: ShaderCodeLibraryPakFileMountedCallback: PakFile 'D:/Gaem/UE_4.27/FeaturePacks/TP_SideScrollerBP.upack' (chunk index -1, root 'root:/') mounted
[2024.05.07-07.47.55:531][  0]LogShaderLibrary: Display: ShaderCodeLibraryPakFileMountedCallback: pending pak file info (ChunkID:-1 Root:root:/ File:D:/Gaem/UE_4.27/FeaturePacks/TP_SideScrollerBP.upack)
[2024.05.07-07.47.55:531][  0]LogPakFile: OnPakFileMounted2Time == 0.000037
[2024.05.07-07.47.55:532][  0]LogPakFile: PakFile PrimaryIndexSize=187
[2024.05.07-07.47.55:532][  0]LogPakFile: PakFile PathHashIndexSize=101
[2024.05.07-07.47.55:532][  0]LogPakFile: PakFile FullDirectoryIndexSize=148
[2024.05.07-07.47.55:532][  0]LogShaderLibrary: Display: ShaderCodeLibraryPakFileMountedCallback: PakFile 'D:/Gaem/UE_4.27/FeaturePacks/TP_ThirdPerson.upack' (chunk index -1, root 'root:/') mounted
[2024.05.07-07.47.55:532][  0]LogShaderLibrary: Display: ShaderCodeLibraryPakFileMountedCallback: pending pak file info (ChunkID:-1 Root:root:/ File:D:/Gaem/UE_4.27/FeaturePacks/TP_ThirdPerson.upack)
[2024.05.07-07.47.55:532][  0]LogPakFile: OnPakFileMounted2Time == 0.000028
[2024.05.07-07.47.55:533][  0]LogPakFile: PakFile PrimaryIndexSize=189
[2024.05.07-07.47.55:533][  0]LogPakFile: PakFile PathHashIndexSize=101
[2024.05.07-07.47.55:533][  0]LogPakFile: PakFile FullDirectoryIndexSize=152
[2024.05.07-07.47.55:533][  0]LogShaderLibrary: Display: ShaderCodeLibraryPakFileMountedCallback: PakFile 'D:/Gaem/UE_4.27/FeaturePacks/TP_ThirdPersonBP.upack' (chunk index -1, root 'root:/') mounted
[2024.05.07-07.47.55:533][  0]LogShaderLibrary: Display: ShaderCodeLibraryPakFileMountedCallback: pending pak file info (ChunkID:-1 Root:root:/ File:D:/Gaem/UE_4.27/FeaturePacks/TP_ThirdPersonBP.upack)
[2024.05.07-07.47.55:533][  0]LogPakFile: OnPakFileMounted2Time == 0.000026
[2024.05.07-07.47.55:534][  0]LogPakFile: PakFile PrimaryIndexSize=183
[2024.05.07-07.47.55:534][  0]LogPakFile: PakFile PathHashIndexSize=101
[2024.05.07-07.47.55:534][  0]LogPakFile: PakFile FullDirectoryIndexSize=140
[2024.05.07-07.47.55:534][  0]LogShaderLibrary: Display: ShaderCodeLibraryPakFileMountedCallback: PakFile 'D:/Gaem/UE_4.27/FeaturePacks/TP_TopDown.upack' (chunk index -1, root 'root:/') mounted
[2024.05.07-07.47.55:534][  0]LogShaderLibrary: Display: ShaderCodeLibraryPakFileMountedCallback: pending pak file info (ChunkID:-1 Root:root:/ File:D:/Gaem/UE_4.27/FeaturePacks/TP_TopDown.upack)
[2024.05.07-07.47.55:534][  0]LogPakFile: OnPakFileMounted2Time == 0.000031
[2024.05.07-07.47.55:535][  0]LogPakFile: PakFile PrimaryIndexSize=185
[2024.05.07-07.47.55:535][  0]LogPakFile: PakFile PathHashIndexSize=101
[2024.05.07-07.47.55:535][  0]LogPakFile: PakFile FullDirectoryIndexSize=144
[2024.05.07-07.47.55:535][  0]LogShaderLibrary: Display: ShaderCodeLibraryPakFileMountedCallback: PakFile 'D:/Gaem/UE_4.27/FeaturePacks/TP_TopDownBP.upack' (chunk index -1, root 'root:/') mounted
[2024.05.07-07.47.55:535][  0]LogShaderLibrary: Display: ShaderCodeLibraryPakFileMountedCallback: pending pak file info (ChunkID:-1 Root:root:/ File:D:/Gaem/UE_4.27/FeaturePacks/TP_TopDownBP.upack)
[2024.05.07-07.47.55:535][  0]LogPakFile: OnPakFileMounted2Time == 0.000030
[2024.05.07-07.47.55:536][  0]LogPakFile: PakFile PrimaryIndexSize=185
[2024.05.07-07.47.55:536][  0]LogPakFile: PakFile PathHashIndexSize=101
[2024.05.07-07.47.55:536][  0]LogPakFile: PakFile FullDirectoryIndexSize=144
[2024.05.07-07.47.55:536][  0]LogShaderLibrary: Display: ShaderCodeLibraryPakFileMountedCallback: PakFile 'D:/Gaem/UE_4.27/FeaturePacks/TP_TwinStick.upack' (chunk index -1, root 'root:/') mounted
[2024.05.07-07.47.55:536][  0]LogShaderLibrary: Display: ShaderCodeLibraryPakFileMountedCallback: pending pak file info (ChunkID:-1 Root:root:/ File:D:/Gaem/UE_4.27/FeaturePacks/TP_TwinStick.upack)
[2024.05.07-07.47.55:536][  0]LogPakFile: OnPakFileMounted2Time == 0.000025
[2024.05.07-07.47.55:537][  0]LogPakFile: PakFile PrimaryIndexSize=187
[2024.05.07-07.47.55:537][  0]LogPakFile: PakFile PathHashIndexSize=101
[2024.05.07-07.47.55:537][  0]LogPakFile: PakFile FullDirectoryIndexSize=148
[2024.05.07-07.47.55:537][  0]LogShaderLibrary: Display: ShaderCodeLibraryPakFileMountedCallback: PakFile 'D:/Gaem/UE_4.27/FeaturePacks/TP_TwinStickBP.upack' (chunk index -1, root 'root:/') mounted
[2024.05.07-07.47.55:537][  0]LogShaderLibrary: Display: ShaderCodeLibraryPakFileMountedCallback: pending pak file info (ChunkID:-1 Root:root:/ File:D:/Gaem/UE_4.27/FeaturePacks/TP_TwinStickBP.upack)
[2024.05.07-07.47.55:537][  0]LogPakFile: OnPakFileMounted2Time == 0.000025
[2024.05.07-07.47.55:538][  0]LogPakFile: PakFile PrimaryIndexSize=183
[2024.05.07-07.47.55:538][  0]LogPakFile: PakFile PathHashIndexSize=101
[2024.05.07-07.47.55:538][  0]LogPakFile: PakFile FullDirectoryIndexSize=140
[2024.05.07-07.47.55:538][  0]LogShaderLibrary: Display: ShaderCodeLibraryPakFileMountedCallback: PakFile 'D:/Gaem/UE_4.27/FeaturePacks/TP_Vehicle.upack' (chunk index -1, root 'root:/') mounted
[2024.05.07-07.47.55:538][  0]LogShaderLibrary: Display: ShaderCodeLibraryPakFileMountedCallback: pending pak file info (ChunkID:-1 Root:root:/ File:D:/Gaem/UE_4.27/FeaturePacks/TP_Vehicle.upack)
[2024.05.07-07.47.55:538][  0]LogPakFile: OnPakFileMounted2Time == 0.000025
[2024.05.07-07.47.55:540][  0]LogPakFile: PakFile PrimaryIndexSize=186
[2024.05.07-07.47.55:540][  0]LogPakFile: PakFile PathHashIndexSize=101
[2024.05.07-07.47.55:540][  0]LogPakFile: PakFile FullDirectoryIndexSize=146
[2024.05.07-07.47.55:540][  0]LogShaderLibrary: Display: ShaderCodeLibraryPakFileMountedCallback: PakFile 'D:/Gaem/UE_4.27/FeaturePacks/TP_VehicleAdv.upack' (chunk index -1, root 'root:/') mounted
[2024.05.07-07.47.55:540][  0]LogShaderLibrary: Display: ShaderCodeLibraryPakFileMountedCallback: pending pak file info (ChunkID:-1 Root:root:/ File:D:/Gaem/UE_4.27/FeaturePacks/TP_VehicleAdv.upack)
[2024.05.07-07.47.55:540][  0]LogPakFile: OnPakFileMounted2Time == 0.000030
[2024.05.07-07.47.55:541][  0]LogPakFile: PakFile PrimaryIndexSize=188
[2024.05.07-07.47.55:541][  0]LogPakFile: PakFile PathHashIndexSize=101
[2024.05.07-07.47.55:541][  0]LogPakFile: PakFile FullDirectoryIndexSize=150
[2024.05.07-07.47.55:541][  0]LogShaderLibrary: Display: ShaderCodeLibraryPakFileMountedCallback: PakFile 'D:/Gaem/UE_4.27/FeaturePacks/TP_VehicleAdvBP.upack' (chunk index -1, root 'root:/') mounted
[2024.05.07-07.47.55:541][  0]LogShaderLibrary: Display: ShaderCodeLibraryPakFileMountedCallback: pending pak file info (ChunkID:-1 Root:root:/ File:D:/Gaem/UE_4.27/FeaturePacks/TP_VehicleAdvBP.upack)
[2024.05.07-07.47.55:541][  0]LogPakFile: OnPakFileMounted2Time == 0.000039
[2024.05.07-07.47.55:543][  0]LogPakFile: PakFile PrimaryIndexSize=185
[2024.05.07-07.47.55:543][  0]LogPakFile: PakFile PathHashIndexSize=101
[2024.05.07-07.47.55:543][  0]LogPakFile: PakFile FullDirectoryIndexSize=144
[2024.05.07-07.47.55:543][  0]LogShaderLibrary: Display: ShaderCodeLibraryPakFileMountedCallback: PakFile 'D:/Gaem/UE_4.27/FeaturePacks/TP_VehicleBP.upack' (chunk index -1, root 'root:/') mounted
[2024.05.07-07.47.55:543][  0]LogShaderLibrary: Display: ShaderCodeLibraryPakFileMountedCallback: pending pak file info (ChunkID:-1 Root:root:/ File:D:/Gaem/UE_4.27/FeaturePacks/TP_VehicleBP.upack)
[2024.05.07-07.47.55:543][  0]LogPakFile: OnPakFileMounted2Time == 0.000076
[2024.05.07-07.47.55:544][  0]LogPakFile: PakFile PrimaryIndexSize=192
[2024.05.07-07.47.55:544][  0]LogPakFile: PakFile PathHashIndexSize=101
[2024.05.07-07.47.55:544][  0]LogPakFile: PakFile FullDirectoryIndexSize=158
[2024.05.07-07.47.55:544][  0]LogShaderLibrary: Display: ShaderCodeLibraryPakFileMountedCallback: PakFile 'D:/Gaem/UE_4.27/FeaturePacks/TP_VirtualRealityBP.upack' (chunk index -1, root 'root:/') mounted
[2024.05.07-07.47.55:544][  0]LogShaderLibrary: Display: ShaderCodeLibraryPakFileMountedCallback: pending pak file info (ChunkID:-1 Root:root:/ File:D:/Gaem/UE_4.27/FeaturePacks/TP_VirtualRealityBP.upack)
[2024.05.07-07.47.55:544][  0]LogPakFile: OnPakFileMounted2Time == 0.000028
[2024.05.07-07.47.55:626][  0]LogNativeClassHierarchy: Verbose: Native class hierarchy updated for 'AddContentDialog' in 0.0003 seconds. Added 0 classes and 0 folders.
[2024.05.07-07.47.55:629][  0]LogNativeClassHierarchy: Verbose: Native class hierarchy updated for 'SceneOutliner' in 0.0002 seconds. Added 2 classes and 0 folders.
[2024.05.07-07.47.55:675][  0]LogSlate: Took 0.000198 seconds to synchronously load lazily loaded font '../../../Engine/Content/Slate/Fonts/Roboto-Regular.ttf' (155K)
[2024.05.07-07.47.55:676][  0]LogSlate: Took 0.000453 seconds to synchronously load lazily loaded font '../../../Engine/Content/Editor/Slate/Fonts/FontAwesome.ttf' (139K)
[2024.05.07-07.47.55:677][  0]LogSlate: Took 0.000148 seconds to synchronously load lazily loaded font '../../../Engine/Content/Slate/Fonts/Roboto-Bold.ttf' (160K)
[2024.05.07-07.47.55:748][  0]LogRenderer: Reallocating scene render targets to support 1632x412 Format 10 NumSamples 1 (Frame:1).
[2024.05.07-07.47.55:801][  0]LogSlate: Took 0.000584 seconds to synchronously load lazily loaded font '../../../Engine/Content/Slate/Fonts/Roboto-Light.ttf' (167K)
[2024.05.07-07.47.55:843][  0]LogNativeClassHierarchy: Verbose: Native class hierarchy updated for 'HierarchicalLODOutliner' in 0.0002 seconds. Added 0 classes and 0 folders.
[2024.05.07-07.47.55:843][  0]LogLoad: (Engine Initialization) Total time: 7.59 seconds
[2024.05.07-07.47.55:843][  0]LogLoad: (Engine Initialization) Total Blueprint compile time: 0.00 seconds
[2024.05.07-07.47.55:894][  0]LogAssetRegistry: Asset discovery search completed in 4.0800 seconds
[2024.05.07-07.47.55:899][  0]LogCollectionManager: Fixed up redirectors for 0 collections in 0.000003 seconds (updated 0 objects)
[2024.05.07-07.47.55:901][  0]LogContentStreaming: Texture pool size now 1000 MB
[2024.05.07-07.47.57:196][  4]LogSlate: Took 0.000220 seconds to synchronously load lazily loaded font '../../../Engine/Content/Slate/Fonts/Roboto-Light.ttf' (167K)
[2024.05.07-07.48.02:600][632]LogRenderer: Reallocating scene render targets to support 1632x428 Format 10 NumSamples 1 (Frame:580).
[2024.05.07-07.48.02:645][633]LogRenderer: Reallocating scene render targets to support 1632x484 Format 10 NumSamples 1 (Frame:582).
[2024.05.07-07.48.02:691][634]LogRenderer: Reallocating scene render targets to support 1632x568 Format 10 NumSamples 1 (Frame:584).
[2024.05.07-07.48.02:721][635]LogRenderer: Reallocating scene render targets to support 1632x600 Format 10 NumSamples 1 (Frame:586).
[2024.05.07-07.48.02:749][636]LogRenderer: Reallocating scene render targets to support 1632x608 Format 10 NumSamples 1 (Frame:588).
[2024.05.07-07.48.02:777][637]LogRenderer: Reallocating scene render targets to support 1632x616 Format 10 NumSamples 1 (Frame:590).
[2024.05.07-07.48.02:828][639]LogRenderer: Reallocating scene render targets to support 1632x620 Format 10 NumSamples 1 (Frame:594).
[2024.05.07-07.48.02:861][641]LogRenderer: Reallocating scene render targets to support 1632x624 Format 10 NumSamples 1 (Frame:596).
[2024.05.07-07.48.03:199][681]LogEditorViewport: Clicking on Actor (LMB): StaticMeshActor (Ceiling)
[2024.05.07-07.48.12:950][794]LogUObjectHash: Compacting FUObjectHashTables data took   0.44ms
[2024.05.07-07.48.12:984][794]LogSavePackage: Moving 'C:/Users/Windows/Documents/GitHub/GAME246Final/CPSC246Final/Saved/FirstPersonExampleMapA4EC5AB3437FF842E72654A534D6142E.tmp' to 'C:/Users/Windows/Documents/GitHub/GAME246Final/CPSC246Final/Content/FirstPersonBP/Maps/FirstPersonExampleMap.umap'
[2024.05.07-07.48.13:452][794]LogSavePackage: Moving 'C:/Users/Windows/Documents/GitHub/GAME246Final/CPSC246Final/Saved/FirstPersonExampleMap_BuiltDataF29FDF2D479E52D80096C0A18AB7E48C.tmp' to 'C:/Users/Windows/Documents/GitHub/GAME246Final/CPSC246Final/Content/FirstPersonBP/Maps/FirstPersonExampleMap_BuiltData.uasset'
[2024.05.07-07.48.13:466][794]AssetCheck: New page: Asset Save: multiple assets
[2024.05.07-07.48.13:466][794]LogContentValidation: Display: Validating MapBuildDataRegistry /Game/FirstPersonBP/Maps/FirstPersonExampleMap_BuiltData.FirstPersonExampleMap_BuiltData
[2024.05.07-07.48.13:466][794]LogContentValidation: Display: Validating World /Game/FirstPersonBP/Maps/FirstPersonExampleMap.FirstPersonExampleMap
